[2024-01-24 00:24:43] local.ERROR: MilanTarami\NepaliCalendar\Exceptions\NepaliCalendarException: Supported only between 1944-2042 in C:\xampp\htdocs\rey-pos\vendor\milantarami\nepali-calendar\src\CalendarFunction.php:186
Stack trace:
#0 C:\xampp\htdocs\rey-pos\vendor\milantarami\nepali-calendar\src\CalendarFunction.php(235): MilanTarami\NepaliCalendar\CalendarFunction::isAdDateInRange(23, 1, 2024)
#1 C:\xampp\htdocs\rey-pos\vendor\milantarami\nepali-calendar\src\NepaliCalendar.php(189): MilanTarami\NepaliCalendar\CalendarFunction::adToBs('23-01-2024', 'YYYY-MM-DD', '-')
#2 C:\xampp\htdocs\rey-pos\vendor\laravel\framework\src\Illuminate\Support\Facades\Facade.php(338): MilanTarami\NepaliCalendar\NepaliCalendar->AD2BS('23-01-2024', Array)
#3 C:\xampp\htdocs\rey-pos\app\Http\Controllers\ReportController.php(3154): Illuminate\Support\Facades\Facade::__callStatic('AD2BS', Array)
#4 C:\xampp\htdocs\rey-pos\vendor\laravel\framework\src\Illuminate\Container\BoundMethod.php(36): App\Http\Controllers\ReportController->App\Http\Controllers\{closure}(Object(App\TransactionSellLine))
#5 C:\xampp\htdocs\rey-pos\vendor\laravel\framework\src\Illuminate\Container\Util.php(41): Illuminate\Container\BoundMethod::Illuminate\Container\{closure}()
#6 C:\xampp\htdocs\rey-pos\vendor\laravel\framework\src\Illuminate\Container\BoundMethod.php(81): Illuminate\Container\Util::unwrapIfClosure(Object(Closure))
#7 C:\xampp\htdocs\rey-pos\vendor\laravel\framework\src\Illuminate\Container\BoundMethod.php(35): Illuminate\Container\BoundMethod::callBoundMethod(Object(Illuminate\Foundation\Application), Object(Closure), Object(Closure))
#8 C:\xampp\htdocs\rey-pos\vendor\laravel\framework\src\Illuminate\Container\Container.php(661): Illuminate\Container\BoundMethod::call(Object(Illuminate\Foundation\Application), Object(Closure), Array, NULL)
#9 C:\xampp\htdocs\rey-pos\vendor\yajra\laravel-datatables-oracle\src\Utilities\Helper.php(71): Illuminate\Container\Container->call(Object(Closure), Array)
#10 C:\xampp\htdocs\rey-pos\vendor\yajra\laravel-datatables-oracle\src\Processors\DataProcessor.php(156): Yajra\DataTables\Utilities\Helper::compileContent(Object(Closure), Array, Object(App\TransactionSellLine))
#11 C:\xampp\htdocs\rey-pos\vendor\yajra\laravel-datatables-oracle\src\Processors\DataProcessor.php(107): Yajra\DataTables\Processors\DataProcessor->editColumns(Array, Object(App\TransactionSellLine))
#12 C:\xampp\htdocs\rey-pos\vendor\yajra\laravel-datatables-oracle\src\DataTableAbstract.php(806): Yajra\DataTables\Processors\DataProcessor->process(true)
#13 C:\xampp\htdocs\rey-pos\vendor\yajra\laravel-datatables-oracle\src\QueryDataTable.php(102): Yajra\DataTables\DataTableAbstract->processResults(Object(Illuminate\Database\Eloquent\Collection), true)
#14 C:\xampp\htdocs\rey-pos\app\Http\Controllers\ReportController.php(3188): Yajra\DataTables\QueryDataTable->make(true)
#15 C:\xampp\htdocs\rey-pos\vendor\laravel\framework\src\Illuminate\Routing\Controller.php(54): App\Http\Controllers\ReportController->getProfit('date')
#16 C:\xampp\htdocs\rey-pos\vendor\laravel\framework\src\Illuminate\Routing\ControllerDispatcher.php(43): Illuminate\Routing\Controller->callAction('getProfit', Array)
#17 C:\xampp\htdocs\rey-pos\vendor\laravel\framework\src\Illuminate\Routing\Route.php(259): Illuminate\Routing\ControllerDispatcher->dispatch(Object(Illuminate\Routing\Route), Object(App\Http\Controllers\ReportController), 'getProfit')
#18 C:\xampp\htdocs\rey-pos\vendor\laravel\framework\src\Illuminate\Routing\Route.php(205): Illuminate\Routing\Route->runController()
#19 C:\xampp\htdocs\rey-pos\vendor\laravel\framework\src\Illuminate\Routing\Router.php(798): Illuminate\Routing\Route->run()
#20 C:\xampp\htdocs\rey-pos\vendor\laravel\framework\src\Illuminate\Pipeline\Pipeline.php(141): Illuminate\Routing\Router->Illuminate\Routing\{closure}(Object(Illuminate\Http\Request))
#21 C:\xampp\htdocs\rey-pos\app\Http\Middleware\CheckUserLogin.php(22): Illuminate\Pipeline\Pipeline->Illuminate\Pipeline\{closure}(Object(Illuminate\Http\Request))
#22 C:\xampp\htdocs\rey-pos\vendor\laravel\framework\src\Illuminate\Pipeline\Pipeline.php(180): App\Http\Middleware\CheckUserLogin->handle(Object(Illuminate\Http\Request), Object(Closure))
#23 C:\xampp\htdocs\rey-pos\app\Http\Middleware\AdminSidebarMenu.php(21): Illuminate\Pipeline\Pipeline->Illuminate\Pipeline\{closure}(Object(Illuminate\Http\Request))
#24 C:\xampp\htdocs\rey-pos\vendor\laravel\framework\src\Illuminate\Pipeline\Pipeline.php(180): App\Http\Middleware\AdminSidebarMenu->handle(Object(Illuminate\Http\Request), Object(Closure))
#25 C:\xampp\htdocs\rey-pos\app\Http\Middleware\Timezone.php(30): Illuminate\Pipeline\Pipeline->Illuminate\Pipeline\{closure}(Object(Illuminate\Http\Request))
#26 C:\xampp\htdocs\rey-pos\vendor\laravel\framework\src\Illuminate\Pipeline\Pipeline.php(180): App\Http\Middleware\Timezone->handle(Object(Illuminate\Http\Request), Object(Closure))
#27 C:\xampp\htdocs\rey-pos\app\Http\Middleware\Language.php(25): Illuminate\Pipeline\Pipeline->Illuminate\Pipeline\{closure}(Object(Illuminate\Http\Request))
#28 C:\xampp\htdocs\rey-pos\vendor\laravel\framework\src\Illuminate\Pipeline\Pipeline.php(180): App\Http\Middleware\Language->handle(Object(Illuminate\Http\Request), Object(Closure))
#29 C:\xampp\htdocs\rey-pos\app\Http\Middleware\SetSessionData.php(52): Illuminate\Pipeline\Pipeline->Illuminate\Pipeline\{closure}(Object(Illuminate\Http\Request))
#30 C:\xampp\htdocs\rey-pos\vendor\laravel\framework\src\Illuminate\Pipeline\Pipeline.php(180): App\Http\Middleware\SetSessionData->handle(Object(Illuminate\Http\Request), Object(Closure))
#31 C:\xampp\htdocs\rey-pos\app\Http\Middleware\IsInstalled.php(50): Illuminate\Pipeline\Pipeline->Illuminate\Pipeline\{closure}(Object(Illuminate\Http\Request))
#32 C:\xampp\htdocs\rey-pos\vendor\laravel\framework\src\Illuminate\Pipeline\Pipeline.php(180): App\Http\Middleware\IsInstalled->handle(Object(Illuminate\Http\Request), Object(Closure))
#33 C:\xampp\htdocs\rey-pos\vendor\laravel\framework\src\Illuminate\Routing\Middleware\SubstituteBindings.php(50): Illuminate\Pipeline\Pipeline->Illuminate\Pipeline\{closure}(Object(Illuminate\Http\Request))
#34 C:\xampp\htdocs\rey-pos\vendor\laravel\framework\src\Illuminate\Pipeline\Pipeline.php(180): Illuminate\Routing\Middleware\SubstituteBindings->handle(Object(Illuminate\Http\Request), Object(Closure))
#35 C:\xampp\htdocs\rey-pos\vendor\laravel\framework\src\Illuminate\Auth\Middleware\Authenticate.php(44): Illuminate\Pipeline\Pipeline->Illuminate\Pipeline\{closure}(Object(Illuminate\Http\Request))
#36 C:\xampp\htdocs\rey-pos\vendor\laravel\framework\src\Illuminate\Pipeline\Pipeline.php(180): Illuminate\Auth\Middleware\Authenticate->handle(Object(Illuminate\Http\Request), Object(Closure))
#37 C:\xampp\htdocs\rey-pos\vendor\laravel\framework\src\Illuminate\Foundation\Http\Middleware\VerifyCsrfToken.php(78): Illuminate\Pipeline\Pipeline->Illuminate\Pipeline\{closure}(Object(Illuminate\Http\Request))
#38 C:\xampp\htdocs\rey-pos\vendor\laravel\framework\src\Illuminate\Pipeline\Pipeline.php(180): Illuminate\Foundation\Http\Middleware\VerifyCsrfToken->handle(Object(Illuminate\Http\Request), Object(Closure))
#39 C:\xampp\htdocs\rey-pos\vendor\laravel\framework\src\Illuminate\View\Middleware\ShareErrorsFromSession.php(49): Illuminate\Pipeline\Pipeline->Illuminate\Pipeline\{closure}(Object(Illuminate\Http\Request))
#40 C:\xampp\htdocs\rey-pos\vendor\laravel\framework\src\Illuminate\Pipeline\Pipeline.php(180): Illuminate\View\Middleware\ShareErrorsFromSession->handle(Object(Illuminate\Http\Request), Object(Closure))
#41 C:\xampp\htdocs\rey-pos\vendor\laravel\framework\src\Illuminate\Session\Middleware\StartSession.php(121): Illuminate\Pipeline\Pipeline->Illuminate\Pipeline\{closure}(Object(Illuminate\Http\Request))
#42 C:\xampp\htdocs\rey-pos\vendor\laravel\framework\src\Illuminate\Session\Middleware\StartSession.php(64): Illuminate\Session\Middleware\StartSession->handleStatefulRequest(Object(Illuminate\Http\Request), Object(Illuminate\Session\Store), Object(Closure))
#43 C:\xampp\htdocs\rey-pos\vendor\laravel\framework\src\Illuminate\Pipeline\Pipeline.php(180): Illuminate\Session\Middleware\StartSession->handle(Object(Illuminate\Http\Request), Object(Closure))
#44 C:\xampp\htdocs\rey-pos\vendor\laravel\framework\src\Illuminate\Cookie\Middleware\AddQueuedCookiesToResponse.php(37): Illuminate\Pipeline\Pipeline->Illuminate\Pipeline\{closure}(Object(Illuminate\Http\Request))
#45 C:\xampp\htdocs\rey-pos\vendor\laravel\framework\src\Illuminate\Pipeline\Pipeline.php(180): Illuminate\Cookie\Middleware\AddQueuedCookiesToResponse->handle(Object(Illuminate\Http\Request), Object(Closure))
#46 C:\xampp\htdocs\rey-pos\vendor\laravel\framework\src\Illuminate\Cookie\Middleware\EncryptCookies.php(67): Illuminate\Pipeline\Pipeline->Illuminate\Pipeline\{closure}(Object(Illuminate\Http\Request))
#47 C:\xampp\htdocs\rey-pos\vendor\laravel\framework\src\Illuminate\Pipeline\Pipeline.php(180): Illuminate\Cookie\Middleware\EncryptCookies->handle(Object(Illuminate\Http\Request), Object(Closure))
#48 C:\xampp\htdocs\rey-pos\vendor\laravel\framework\src\Illuminate\Pipeline\Pipeline.php(116): Illuminate\Pipeline\Pipeline->Illuminate\Pipeline\{closure}(Object(Illuminate\Http\Request))
#49 C:\xampp\htdocs\rey-pos\vendor\laravel\framework\src\Illuminate\Routing\Router.php(797): Illuminate\Pipeline\Pipeline->then(Object(Closure))
#50 C:\xampp\htdocs\rey-pos\vendor\laravel\framework\src\Illuminate\Routing\Router.php(776): Illuminate\Routing\Router->runRouteWithinStack(Object(Illuminate\Routing\Route), Object(Illuminate\Http\Request))
#51 C:\xampp\htdocs\rey-pos\vendor\laravel\framework\src\Illuminate\Routing\Router.php(740): Illuminate\Routing\Router->runRoute(Object(Illuminate\Http\Request), Object(Illuminate\Routing\Route))
#52 C:\xampp\htdocs\rey-pos\vendor\laravel\framework\src\Illuminate\Routing\Router.php(729): Illuminate\Routing\Router->dispatchToRoute(Object(Illuminate\Http\Request))
#53 C:\xampp\htdocs\rey-pos\vendor\laravel\framework\src\Illuminate\Foundation\Http\Kernel.php(190): Illuminate\Routing\Router->dispatch(Object(Illuminate\Http\Request))
#54 C:\xampp\htdocs\rey-pos\vendor\laravel\framework\src\Illuminate\Pipeline\Pipeline.php(141): Illuminate\Foundation\Http\Kernel->Illuminate\Foundation\Http\{closure}(Object(Illuminate\Http\Request))
#55 C:\xampp\htdocs\rey-pos\vendor\barryvdh\laravel-debugbar\src\Middleware\InjectDebugbar.php(59): Illuminate\Pipeline\Pipeline->Illuminate\Pipeline\{closure}(Object(Illuminate\Http\Request))
#56 C:\xampp\htdocs\rey-pos\vendor\laravel\framework\src\Illuminate\Pipeline\Pipeline.php(180): Barryvdh\Debugbar\Middleware\InjectDebugbar->handle(Object(Illuminate\Http\Request), Object(Closure))
#57 C:\xampp\htdocs\rey-pos\vendor\laravel\framework\src\Illuminate\Foundation\Http\Middleware\TransformsRequest.php(21): Illuminate\Pipeline\Pipeline->Illuminate\Pipeline\{closure}(Object(Illuminate\Http\Request))
#58 C:\xampp\htdocs\rey-pos\vendor\laravel\framework\src\Illuminate\Foundation\Http\Middleware\ConvertEmptyStringsToNull.php(31): Illuminate\Foundation\Http\Middleware\TransformsRequest->handle(Object(Illuminate\Http\Request), Object(Closure))
#59 C:\xampp\htdocs\rey-pos\vendor\laravel\framework\src\Illuminate\Pipeline\Pipeline.php(180): Illuminate\Foundation\Http\Middleware\ConvertEmptyStringsToNull->handle(Object(Illuminate\Http\Request), Object(Closure))
#60 C:\xampp\htdocs\rey-pos\vendor\laravel\framework\src\Illuminate\Foundation\Http\Middleware\TransformsRequest.php(21): Illuminate\Pipeline\Pipeline->Illuminate\Pipeline\{closure}(Object(Illuminate\Http\Request))
#61 C:\xampp\htdocs\rey-pos\vendor\laravel\framework\src\Illuminate\Foundation\Http\Middleware\TrimStrings.php(40): Illuminate\Foundation\Http\Middleware\TransformsRequest->handle(Object(Illuminate\Http\Request), Object(Closure))
#62 C:\xampp\htdocs\rey-pos\vendor\laravel\framework\src\Illuminate\Pipeline\Pipeline.php(180): Illuminate\Foundation\Http\Middleware\TrimStrings->handle(Object(Illuminate\Http\Request), Object(Closure))
#63 C:\xampp\htdocs\rey-pos\vendor\laravel\framework\src\Illuminate\Foundation\Http\Middleware\ValidatePostSize.php(27): Illuminate\Pipeline\Pipeline->Illuminate\Pipeline\{closure}(Object(Illuminate\Http\Request))
#64 C:\xampp\htdocs\rey-pos\vendor\laravel\framework\src\Illuminate\Pipeline\Pipeline.php(180): Illuminate\Foundation\Http\Middleware\ValidatePostSize->handle(Object(Illuminate\Http\Request), Object(Closure))
#65 C:\xampp\htdocs\rey-pos\vendor\laravel\framework\src\Illuminate\Foundation\Http\Middleware\PreventRequestsDuringMaintenance.php(86): Illuminate\Pipeline\Pipeline->Illuminate\Pipeline\{closure}(Object(Illuminate\Http\Request))
#66 C:\xampp\htdocs\rey-pos\vendor\laravel\framework\src\Illuminate\Pipeline\Pipeline.php(180): Illuminate\Foundation\Http\Middleware\PreventRequestsDuringMaintenance->handle(Object(Illuminate\Http\Request), Object(Closure))
#67 C:\xampp\htdocs\rey-pos\vendor\laravel\framework\src\Illuminate\Http\Middleware\HandleCors.php(49): Illuminate\Pipeline\Pipeline->Illuminate\Pipeline\{closure}(Object(Illuminate\Http\Request))
#68 C:\xampp\htdocs\rey-pos\vendor\laravel\framework\src\Illuminate\Pipeline\Pipeline.php(180): Illuminate\Http\Middleware\HandleCors->handle(Object(Illuminate\Http\Request), Object(Closure))
#69 C:\xampp\htdocs\rey-pos\vendor\laravel\framework\src\Illuminate\Http\Middleware\TrustProxies.php(39): Illuminate\Pipeline\Pipeline->Illuminate\Pipeline\{closure}(Object(Illuminate\Http\Request))
#70 C:\xampp\htdocs\rey-pos\vendor\laravel\framework\src\Illuminate\Pipeline\Pipeline.php(180): Illuminate\Http\Middleware\TrustProxies->handle(Object(Illuminate\Http\Request), Object(Closure))
#71 C:\xampp\htdocs\rey-pos\vendor\laravel\framework\src\Illuminate\Pipeline\Pipeline.php(116): Illuminate\Pipeline\Pipeline->Illuminate\Pipeline\{closure}(Object(Illuminate\Http\Request))
#72 C:\xampp\htdocs\rey-pos\vendor\laravel\framework\src\Illuminate\Foundation\Http\Kernel.php(165): Illuminate\Pipeline\Pipeline->then(Object(Closure))
#73 C:\xampp\htdocs\rey-pos\vendor\laravel\framework\src\Illuminate\Foundation\Http\Kernel.php(134): Illuminate\Foundation\Http\Kernel->sendRequestThroughRouter(Object(Illuminate\Http\Request))
#74 C:\xampp\htdocs\rey-pos\public\index.php(51): Illuminate\Foundation\Http\Kernel->handle(Object(Illuminate\Http\Request))
#75 {main}  
[2024-01-24 00:25:42] local.ERROR: MilanTarami\NepaliCalendar\Exceptions\NepaliCalendarException: Supported only between 1944-2042 in C:\xampp\htdocs\rey-pos\vendor\milantarami\nepali-calendar\src\CalendarFunction.php:186
Stack trace:
#0 C:\xampp\htdocs\rey-pos\vendor\milantarami\nepali-calendar\src\CalendarFunction.php(235): MilanTarami\NepaliCalendar\CalendarFunction::isAdDateInRange(23, 1, 2024)
#1 C:\xampp\htdocs\rey-pos\vendor\milantarami\nepali-calendar\src\NepaliCalendar.php(189): MilanTarami\NepaliCalendar\CalendarFunction::adToBs('23-01-2024', 'YYYY-MM-DD', '-')
#2 C:\xampp\htdocs\rey-pos\vendor\laravel\framework\src\Illuminate\Support\Facades\Facade.php(338): MilanTarami\NepaliCalendar\NepaliCalendar->AD2BS('23-01-2024', Array)
#3 C:\xampp\htdocs\rey-pos\app\Http\Controllers\ReportController.php(3154): Illuminate\Support\Facades\Facade::__callStatic('AD2BS', Array)
#4 C:\xampp\htdocs\rey-pos\vendor\laravel\framework\src\Illuminate\Container\BoundMethod.php(36): App\Http\Controllers\ReportController->App\Http\Controllers\{closure}(Object(App\TransactionSellLine))
#5 C:\xampp\htdocs\rey-pos\vendor\laravel\framework\src\Illuminate\Container\Util.php(41): Illuminate\Container\BoundMethod::Illuminate\Container\{closure}()
#6 C:\xampp\htdocs\rey-pos\vendor\laravel\framework\src\Illuminate\Container\BoundMethod.php(81): Illuminate\Container\Util::unwrapIfClosure(Object(Closure))
#7 C:\xampp\htdocs\rey-pos\vendor\laravel\framework\src\Illuminate\Container\BoundMethod.php(35): Illuminate\Container\BoundMethod::callBoundMethod(Object(Illuminate\Foundation\Application), Object(Closure), Object(Closure))
#8 C:\xampp\htdocs\rey-pos\vendor\laravel\framework\src\Illuminate\Container\Container.php(661): Illuminate\Container\BoundMethod::call(Object(Illuminate\Foundation\Application), Object(Closure), Array, NULL)
#9 C:\xampp\htdocs\rey-pos\vendor\yajra\laravel-datatables-oracle\src\Utilities\Helper.php(71): Illuminate\Container\Container->call(Object(Closure), Array)
#10 C:\xampp\htdocs\rey-pos\vendor\yajra\laravel-datatables-oracle\src\Processors\DataProcessor.php(156): Yajra\DataTables\Utilities\Helper::compileContent(Object(Closure), Array, Object(App\TransactionSellLine))
#11 C:\xampp\htdocs\rey-pos\vendor\yajra\laravel-datatables-oracle\src\Processors\DataProcessor.php(107): Yajra\DataTables\Processors\DataProcessor->editColumns(Array, Object(App\TransactionSellLine))
#12 C:\xampp\htdocs\rey-pos\vendor\yajra\laravel-datatables-oracle\src\DataTableAbstract.php(806): Yajra\DataTables\Processors\DataProcessor->process(true)
#13 C:\xampp\htdocs\rey-pos\vendor\yajra\laravel-datatables-oracle\src\QueryDataTable.php(102): Yajra\DataTables\DataTableAbstract->processResults(Object(Illuminate\Database\Eloquent\Collection), true)
#14 C:\xampp\htdocs\rey-pos\app\Http\Controllers\ReportController.php(3188): Yajra\DataTables\QueryDataTable->make(true)
#15 C:\xampp\htdocs\rey-pos\vendor\laravel\framework\src\Illuminate\Routing\Controller.php(54): App\Http\Controllers\ReportController->getProfit('date')
#16 C:\xampp\htdocs\rey-pos\vendor\laravel\framework\src\Illuminate\Routing\ControllerDispatcher.php(43): Illuminate\Routing\Controller->callAction('getProfit', Array)
#17 C:\xampp\htdocs\rey-pos\vendor\laravel\framework\src\Illuminate\Routing\Route.php(259): Illuminate\Routing\ControllerDispatcher->dispatch(Object(Illuminate\Routing\Route), Object(App\Http\Controllers\ReportController), 'getProfit')
#18 C:\xampp\htdocs\rey-pos\vendor\laravel\framework\src\Illuminate\Routing\Route.php(205): Illuminate\Routing\Route->runController()
#19 C:\xampp\htdocs\rey-pos\vendor\laravel\framework\src\Illuminate\Routing\Router.php(798): Illuminate\Routing\Route->run()
#20 C:\xampp\htdocs\rey-pos\vendor\laravel\framework\src\Illuminate\Pipeline\Pipeline.php(141): Illuminate\Routing\Router->Illuminate\Routing\{closure}(Object(Illuminate\Http\Request))
#21 C:\xampp\htdocs\rey-pos\app\Http\Middleware\CheckUserLogin.php(22): Illuminate\Pipeline\Pipeline->Illuminate\Pipeline\{closure}(Object(Illuminate\Http\Request))
#22 C:\xampp\htdocs\rey-pos\vendor\laravel\framework\src\Illuminate\Pipeline\Pipeline.php(180): App\Http\Middleware\CheckUserLogin->handle(Object(Illuminate\Http\Request), Object(Closure))
#23 C:\xampp\htdocs\rey-pos\app\Http\Middleware\AdminSidebarMenu.php(21): Illuminate\Pipeline\Pipeline->Illuminate\Pipeline\{closure}(Object(Illuminate\Http\Request))
#24 C:\xampp\htdocs\rey-pos\vendor\laravel\framework\src\Illuminate\Pipeline\Pipeline.php(180): App\Http\Middleware\AdminSidebarMenu->handle(Object(Illuminate\Http\Request), Object(Closure))
#25 C:\xampp\htdocs\rey-pos\app\Http\Middleware\Timezone.php(30): Illuminate\Pipeline\Pipeline->Illuminate\Pipeline\{closure}(Object(Illuminate\Http\Request))
#26 C:\xampp\htdocs\rey-pos\vendor\laravel\framework\src\Illuminate\Pipeline\Pipeline.php(180): App\Http\Middleware\Timezone->handle(Object(Illuminate\Http\Request), Object(Closure))
#27 C:\xampp\htdocs\rey-pos\app\Http\Middleware\Language.php(25): Illuminate\Pipeline\Pipeline->Illuminate\Pipeline\{closure}(Object(Illuminate\Http\Request))
#28 C:\xampp\htdocs\rey-pos\vendor\laravel\framework\src\Illuminate\Pipeline\Pipeline.php(180): App\Http\Middleware\Language->handle(Object(Illuminate\Http\Request), Object(Closure))
#29 C:\xampp\htdocs\rey-pos\app\Http\Middleware\SetSessionData.php(52): Illuminate\Pipeline\Pipeline->Illuminate\Pipeline\{closure}(Object(Illuminate\Http\Request))
#30 C:\xampp\htdocs\rey-pos\vendor\laravel\framework\src\Illuminate\Pipeline\Pipeline.php(180): App\Http\Middleware\SetSessionData->handle(Object(Illuminate\Http\Request), Object(Closure))
#31 C:\xampp\htdocs\rey-pos\app\Http\Middleware\IsInstalled.php(50): Illuminate\Pipeline\Pipeline->Illuminate\Pipeline\{closure}(Object(Illuminate\Http\Request))
#32 C:\xampp\htdocs\rey-pos\vendor\laravel\framework\src\Illuminate\Pipeline\Pipeline.php(180): App\Http\Middleware\IsInstalled->handle(Object(Illuminate\Http\Request), Object(Closure))
#33 C:\xampp\htdocs\rey-pos\vendor\laravel\framework\src\Illuminate\Routing\Middleware\SubstituteBindings.php(50): Illuminate\Pipeline\Pipeline->Illuminate\Pipeline\{closure}(Object(Illuminate\Http\Request))
#34 C:\xampp\htdocs\rey-pos\vendor\laravel\framework\src\Illuminate\Pipeline\Pipeline.php(180): Illuminate\Routing\Middleware\SubstituteBindings->handle(Object(Illuminate\Http\Request), Object(Closure))
#35 C:\xampp\htdocs\rey-pos\vendor\laravel\framework\src\Illuminate\Auth\Middleware\Authenticate.php(44): Illuminate\Pipeline\Pipeline->Illuminate\Pipeline\{closure}(Object(Illuminate\Http\Request))
#36 C:\xampp\htdocs\rey-pos\vendor\laravel\framework\src\Illuminate\Pipeline\Pipeline.php(180): Illuminate\Auth\Middleware\Authenticate->handle(Object(Illuminate\Http\Request), Object(Closure))
#37 C:\xampp\htdocs\rey-pos\vendor\laravel\framework\src\Illuminate\Foundation\Http\Middleware\VerifyCsrfToken.php(78): Illuminate\Pipeline\Pipeline->Illuminate\Pipeline\{closure}(Object(Illuminate\Http\Request))
#38 C:\xampp\htdocs\rey-pos\vendor\laravel\framework\src\Illuminate\Pipeline\Pipeline.php(180): Illuminate\Foundation\Http\Middleware\VerifyCsrfToken->handle(Object(Illuminate\Http\Request), Object(Closure))
#39 C:\xampp\htdocs\rey-pos\vendor\laravel\framework\src\Illuminate\View\Middleware\ShareErrorsFromSession.php(49): Illuminate\Pipeline\Pipeline->Illuminate\Pipeline\{closure}(Object(Illuminate\Http\Request))
#40 C:\xampp\htdocs\rey-pos\vendor\laravel\framework\src\Illuminate\Pipeline\Pipeline.php(180): Illuminate\View\Middleware\ShareErrorsFromSession->handle(Object(Illuminate\Http\Request), Object(Closure))
#41 C:\xampp\htdocs\rey-pos\vendor\laravel\framework\src\Illuminate\Session\Middleware\StartSession.php(121): Illuminate\Pipeline\Pipeline->Illuminate\Pipeline\{closure}(Object(Illuminate\Http\Request))
#42 C:\xampp\htdocs\rey-pos\vendor\laravel\framework\src\Illuminate\Session\Middleware\StartSession.php(64): Illuminate\Session\Middleware\StartSession->handleStatefulRequest(Object(Illuminate\Http\Request), Object(Illuminate\Session\Store), Object(Closure))
#43 C:\xampp\htdocs\rey-pos\vendor\laravel\framework\src\Illuminate\Pipeline\Pipeline.php(180): Illuminate\Session\Middleware\StartSession->handle(Object(Illuminate\Http\Request), Object(Closure))
#44 C:\xampp\htdocs\rey-pos\vendor\laravel\framework\src\Illuminate\Cookie\Middleware\AddQueuedCookiesToResponse.php(37): Illuminate\Pipeline\Pipeline->Illuminate\Pipeline\{closure}(Object(Illuminate\Http\Request))
#45 C:\xampp\htdocs\rey-pos\vendor\laravel\framework\src\Illuminate\Pipeline\Pipeline.php(180): Illuminate\Cookie\Middleware\AddQueuedCookiesToResponse->handle(Object(Illuminate\Http\Request), Object(Closure))
#46 C:\xampp\htdocs\rey-pos\vendor\laravel\framework\src\Illuminate\Cookie\Middleware\EncryptCookies.php(67): Illuminate\Pipeline\Pipeline->Illuminate\Pipeline\{closure}(Object(Illuminate\Http\Request))
#47 C:\xampp\htdocs\rey-pos\vendor\laravel\framework\src\Illuminate\Pipeline\Pipeline.php(180): Illuminate\Cookie\Middleware\EncryptCookies->handle(Object(Illuminate\Http\Request), Object(Closure))
#48 C:\xampp\htdocs\rey-pos\vendor\laravel\framework\src\Illuminate\Pipeline\Pipeline.php(116): Illuminate\Pipeline\Pipeline->Illuminate\Pipeline\{closure}(Object(Illuminate\Http\Request))
#49 C:\xampp\htdocs\rey-pos\vendor\laravel\framework\src\Illuminate\Routing\Router.php(797): Illuminate\Pipeline\Pipeline->then(Object(Closure))
#50 C:\xampp\htdocs\rey-pos\vendor\laravel\framework\src\Illuminate\Routing\Router.php(776): Illuminate\Routing\Router->runRouteWithinStack(Object(Illuminate\Routing\Route), Object(Illuminate\Http\Request))
#51 C:\xampp\htdocs\rey-pos\vendor\laravel\framework\src\Illuminate\Routing\Router.php(740): Illuminate\Routing\Router->runRoute(Object(Illuminate\Http\Request), Object(Illuminate\Routing\Route))
#52 C:\xampp\htdocs\rey-pos\vendor\laravel\framework\src\Illuminate\Routing\Router.php(729): Illuminate\Routing\Router->dispatchToRoute(Object(Illuminate\Http\Request))
#53 C:\xampp\htdocs\rey-pos\vendor\laravel\framework\src\Illuminate\Foundation\Http\Kernel.php(190): Illuminate\Routing\Router->dispatch(Object(Illuminate\Http\Request))
#54 C:\xampp\htdocs\rey-pos\vendor\laravel\framework\src\Illuminate\Pipeline\Pipeline.php(141): Illuminate\Foundation\Http\Kernel->Illuminate\Foundation\Http\{closure}(Object(Illuminate\Http\Request))
#55 C:\xampp\htdocs\rey-pos\vendor\barryvdh\laravel-debugbar\src\Middleware\InjectDebugbar.php(59): Illuminate\Pipeline\Pipeline->Illuminate\Pipeline\{closure}(Object(Illuminate\Http\Request))
#56 C:\xampp\htdocs\rey-pos\vendor\laravel\framework\src\Illuminate\Pipeline\Pipeline.php(180): Barryvdh\Debugbar\Middleware\InjectDebugbar->handle(Object(Illuminate\Http\Request), Object(Closure))
#57 C:\xampp\htdocs\rey-pos\vendor\laravel\framework\src\Illuminate\Foundation\Http\Middleware\TransformsRequest.php(21): Illuminate\Pipeline\Pipeline->Illuminate\Pipeline\{closure}(Object(Illuminate\Http\Request))
#58 C:\xampp\htdocs\rey-pos\vendor\laravel\framework\src\Illuminate\Foundation\Http\Middleware\ConvertEmptyStringsToNull.php(31): Illuminate\Foundation\Http\Middleware\TransformsRequest->handle(Object(Illuminate\Http\Request), Object(Closure))
#59 C:\xampp\htdocs\rey-pos\vendor\laravel\framework\src\Illuminate\Pipeline\Pipeline.php(180): Illuminate\Foundation\Http\Middleware\ConvertEmptyStringsToNull->handle(Object(Illuminate\Http\Request), Object(Closure))
#60 C:\xampp\htdocs\rey-pos\vendor\laravel\framework\src\Illuminate\Foundation\Http\Middleware\TransformsRequest.php(21): Illuminate\Pipeline\Pipeline->Illuminate\Pipeline\{closure}(Object(Illuminate\Http\Request))
#61 C:\xampp\htdocs\rey-pos\vendor\laravel\framework\src\Illuminate\Foundation\Http\Middleware\TrimStrings.php(40): Illuminate\Foundation\Http\Middleware\TransformsRequest->handle(Object(Illuminate\Http\Request), Object(Closure))
#62 C:\xampp\htdocs\rey-pos\vendor\laravel\framework\src\Illuminate\Pipeline\Pipeline.php(180): Illuminate\Foundation\Http\Middleware\TrimStrings->handle(Object(Illuminate\Http\Request), Object(Closure))
#63 C:\xampp\htdocs\rey-pos\vendor\laravel\framework\src\Illuminate\Foundation\Http\Middleware\ValidatePostSize.php(27): Illuminate\Pipeline\Pipeline->Illuminate\Pipeline\{closure}(Object(Illuminate\Http\Request))
#64 C:\xampp\htdocs\rey-pos\vendor\laravel\framework\src\Illuminate\Pipeline\Pipeline.php(180): Illuminate\Foundation\Http\Middleware\ValidatePostSize->handle(Object(Illuminate\Http\Request), Object(Closure))
#65 C:\xampp\htdocs\rey-pos\vendor\laravel\framework\src\Illuminate\Foundation\Http\Middleware\PreventRequestsDuringMaintenance.php(86): Illuminate\Pipeline\Pipeline->Illuminate\Pipeline\{closure}(Object(Illuminate\Http\Request))
#66 C:\xampp\htdocs\rey-pos\vendor\laravel\framework\src\Illuminate\Pipeline\Pipeline.php(180): Illuminate\Foundation\Http\Middleware\PreventRequestsDuringMaintenance->handle(Object(Illuminate\Http\Request), Object(Closure))
#67 C:\xampp\htdocs\rey-pos\vendor\laravel\framework\src\Illuminate\Http\Middleware\HandleCors.php(49): Illuminate\Pipeline\Pipeline->Illuminate\Pipeline\{closure}(Object(Illuminate\Http\Request))
#68 C:\xampp\htdocs\rey-pos\vendor\laravel\framework\src\Illuminate\Pipeline\Pipeline.php(180): Illuminate\Http\Middleware\HandleCors->handle(Object(Illuminate\Http\Request), Object(Closure))
#69 C:\xampp\htdocs\rey-pos\vendor\laravel\framework\src\Illuminate\Http\Middleware\TrustProxies.php(39): Illuminate\Pipeline\Pipeline->Illuminate\Pipeline\{closure}(Object(Illuminate\Http\Request))
#70 C:\xampp\htdocs\rey-pos\vendor\laravel\framework\src\Illuminate\Pipeline\Pipeline.php(180): Illuminate\Http\Middleware\TrustProxies->handle(Object(Illuminate\Http\Request), Object(Closure))
#71 C:\xampp\htdocs\rey-pos\vendor\laravel\framework\src\Illuminate\Pipeline\Pipeline.php(116): Illuminate\Pipeline\Pipeline->Illuminate\Pipeline\{closure}(Object(Illuminate\Http\Request))
#72 C:\xampp\htdocs\rey-pos\vendor\laravel\framework\src\Illuminate\Foundation\Http\Kernel.php(165): Illuminate\Pipeline\Pipeline->then(Object(Closure))
#73 C:\xampp\htdocs\rey-pos\vendor\laravel\framework\src\Illuminate\Foundation\Http\Kernel.php(134): Illuminate\Foundation\Http\Kernel->sendRequestThroughRouter(Object(Illuminate\Http\Request))
#74 C:\xampp\htdocs\rey-pos\public\index.php(51): Illuminate\Foundation\Http\Kernel->handle(Object(Illuminate\Http\Request))
#75 {main}  
[2024-01-24 00:29:43] local.ERROR: ErrorException: Undefined array key 1 in C:\xampp\htdocs\rey-pos\vendor\milantarami\nepali-calendar\src\CalendarFunction.php:31
Stack trace:
#0 C:\xampp\htdocs\rey-pos\vendor\laravel\framework\src\Illuminate\Foundation\Bootstrap\HandleExceptions.php(270): Illuminate\Foundation\Bootstrap\HandleExceptions->handleError(2, 'Undefined array...', 'C:\\xampp\\htdocs...', 31)
#1 C:\xampp\htdocs\rey-pos\vendor\milantarami\nepali-calendar\src\CalendarFunction.php(31): Illuminate\Foundation\Bootstrap\HandleExceptions->Illuminate\Foundation\Bootstrap\{closure}(2, 'Undefined array...', 'C:\\xampp\\htdocs...', 31)
#2 C:\xampp\htdocs\rey-pos\vendor\milantarami\nepali-calendar\src\CalendarFunction.php(233): MilanTarami\NepaliCalendar\CalendarFunction::getDateInArray('2024/01/23', 'YYYY-MM-DD', '-')
#3 C:\xampp\htdocs\rey-pos\vendor\milantarami\nepali-calendar\src\NepaliCalendar.php(189): MilanTarami\NepaliCalendar\CalendarFunction::adToBs('2024/01/23', 'YYYY-MM-DD', '-')
#4 C:\xampp\htdocs\rey-pos\vendor\laravel\framework\src\Illuminate\Support\Facades\Facade.php(338): MilanTarami\NepaliCalendar\NepaliCalendar->AD2BS('2024/01/23', Array)
#5 C:\xampp\htdocs\rey-pos\app\Http\Controllers\ReportController.php(3154): Illuminate\Support\Facades\Facade::__callStatic('AD2BS', Array)
#6 C:\xampp\htdocs\rey-pos\vendor\laravel\framework\src\Illuminate\Container\BoundMethod.php(36): App\Http\Controllers\ReportController->App\Http\Controllers\{closure}(Object(App\TransactionSellLine))
#7 C:\xampp\htdocs\rey-pos\vendor\laravel\framework\src\Illuminate\Container\Util.php(41): Illuminate\Container\BoundMethod::Illuminate\Container\{closure}()
#8 C:\xampp\htdocs\rey-pos\vendor\laravel\framework\src\Illuminate\Container\BoundMethod.php(81): Illuminate\Container\Util::unwrapIfClosure(Object(Closure))
#9 C:\xampp\htdocs\rey-pos\vendor\laravel\framework\src\Illuminate\Container\BoundMethod.php(35): Illuminate\Container\BoundMethod::callBoundMethod(Object(Illuminate\Foundation\Application), Object(Closure), Object(Closure))
#10 C:\xampp\htdocs\rey-pos\vendor\laravel\framework\src\Illuminate\Container\Container.php(661): Illuminate\Container\BoundMethod::call(Object(Illuminate\Foundation\Application), Object(Closure), Array, NULL)
#11 C:\xampp\htdocs\rey-pos\vendor\yajra\laravel-datatables-oracle\src\Utilities\Helper.php(71): Illuminate\Container\Container->call(Object(Closure), Array)
#12 C:\xampp\htdocs\rey-pos\vendor\yajra\laravel-datatables-oracle\src\Processors\DataProcessor.php(156): Yajra\DataTables\Utilities\Helper::compileContent(Object(Closure), Array, Object(App\TransactionSellLine))
#13 C:\xampp\htdocs\rey-pos\vendor\yajra\laravel-datatables-oracle\src\Processors\DataProcessor.php(107): Yajra\DataTables\Processors\DataProcessor->editColumns(Array, Object(App\TransactionSellLine))
#14 C:\xampp\htdocs\rey-pos\vendor\yajra\laravel-datatables-oracle\src\DataTableAbstract.php(806): Yajra\DataTables\Processors\DataProcessor->process(true)
#15 C:\xampp\htdocs\rey-pos\vendor\yajra\laravel-datatables-oracle\src\QueryDataTable.php(102): Yajra\DataTables\DataTableAbstract->processResults(Object(Illuminate\Database\Eloquent\Collection), true)
#16 C:\xampp\htdocs\rey-pos\app\Http\Controllers\ReportController.php(3188): Yajra\DataTables\QueryDataTable->make(true)
#17 C:\xampp\htdocs\rey-pos\vendor\laravel\framework\src\Illuminate\Routing\Controller.php(54): App\Http\Controllers\ReportController->getProfit('date')
#18 C:\xampp\htdocs\rey-pos\vendor\laravel\framework\src\Illuminate\Routing\ControllerDispatcher.php(43): Illuminate\Routing\Controller->callAction('getProfit', Array)
#19 C:\xampp\htdocs\rey-pos\vendor\laravel\framework\src\Illuminate\Routing\Route.php(259): Illuminate\Routing\ControllerDispatcher->dispatch(Object(Illuminate\Routing\Route), Object(App\Http\Controllers\ReportController), 'getProfit')
#20 C:\xampp\htdocs\rey-pos\vendor\laravel\framework\src\Illuminate\Routing\Route.php(205): Illuminate\Routing\Route->runController()
#21 C:\xampp\htdocs\rey-pos\vendor\laravel\framework\src\Illuminate\Routing\Router.php(798): Illuminate\Routing\Route->run()
#22 C:\xampp\htdocs\rey-pos\vendor\laravel\framework\src\Illuminate\Pipeline\Pipeline.php(141): Illuminate\Routing\Router->Illuminate\Routing\{closure}(Object(Illuminate\Http\Request))
#23 C:\xampp\htdocs\rey-pos\app\Http\Middleware\CheckUserLogin.php(22): Illuminate\Pipeline\Pipeline->Illuminate\Pipeline\{closure}(Object(Illuminate\Http\Request))
#24 C:\xampp\htdocs\rey-pos\vendor\laravel\framework\src\Illuminate\Pipeline\Pipeline.php(180): App\Http\Middleware\CheckUserLogin->handle(Object(Illuminate\Http\Request), Object(Closure))
#25 C:\xampp\htdocs\rey-pos\app\Http\Middleware\AdminSidebarMenu.php(21): Illuminate\Pipeline\Pipeline->Illuminate\Pipeline\{closure}(Object(Illuminate\Http\Request))
#26 C:\xampp\htdocs\rey-pos\vendor\laravel\framework\src\Illuminate\Pipeline\Pipeline.php(180): App\Http\Middleware\AdminSidebarMenu->handle(Object(Illuminate\Http\Request), Object(Closure))
#27 C:\xampp\htdocs\rey-pos\app\Http\Middleware\Timezone.php(30): Illuminate\Pipeline\Pipeline->Illuminate\Pipeline\{closure}(Object(Illuminate\Http\Request))
#28 C:\xampp\htdocs\rey-pos\vendor\laravel\framework\src\Illuminate\Pipeline\Pipeline.php(180): App\Http\Middleware\Timezone->handle(Object(Illuminate\Http\Request), Object(Closure))
#29 C:\xampp\htdocs\rey-pos\app\Http\Middleware\Language.php(25): Illuminate\Pipeline\Pipeline->Illuminate\Pipeline\{closure}(Object(Illuminate\Http\Request))
#30 C:\xampp\htdocs\rey-pos\vendor\laravel\framework\src\Illuminate\Pipeline\Pipeline.php(180): App\Http\Middleware\Language->handle(Object(Illuminate\Http\Request), Object(Closure))
#31 C:\xampp\htdocs\rey-pos\app\Http\Middleware\SetSessionData.php(52): Illuminate\Pipeline\Pipeline->Illuminate\Pipeline\{closure}(Object(Illuminate\Http\Request))
#32 C:\xampp\htdocs\rey-pos\vendor\laravel\framework\src\Illuminate\Pipeline\Pipeline.php(180): App\Http\Middleware\SetSessionData->handle(Object(Illuminate\Http\Request), Object(Closure))
#33 C:\xampp\htdocs\rey-pos\app\Http\Middleware\IsInstalled.php(50): Illuminate\Pipeline\Pipeline->Illuminate\Pipeline\{closure}(Object(Illuminate\Http\Request))
#34 C:\xampp\htdocs\rey-pos\vendor\laravel\framework\src\Illuminate\Pipeline\Pipeline.php(180): App\Http\Middleware\IsInstalled->handle(Object(Illuminate\Http\Request), Object(Closure))
#35 C:\xampp\htdocs\rey-pos\vendor\laravel\framework\src\Illuminate\Routing\Middleware\SubstituteBindings.php(50): Illuminate\Pipeline\Pipeline->Illuminate\Pipeline\{closure}(Object(Illuminate\Http\Request))
#36 C:\xampp\htdocs\rey-pos\vendor\laravel\framework\src\Illuminate\Pipeline\Pipeline.php(180): Illuminate\Routing\Middleware\SubstituteBindings->handle(Object(Illuminate\Http\Request), Object(Closure))
#37 C:\xampp\htdocs\rey-pos\vendor\laravel\framework\src\Illuminate\Auth\Middleware\Authenticate.php(44): Illuminate\Pipeline\Pipeline->Illuminate\Pipeline\{closure}(Object(Illuminate\Http\Request))
#38 C:\xampp\htdocs\rey-pos\vendor\laravel\framework\src\Illuminate\Pipeline\Pipeline.php(180): Illuminate\Auth\Middleware\Authenticate->handle(Object(Illuminate\Http\Request), Object(Closure))
#39 C:\xampp\htdocs\rey-pos\vendor\laravel\framework\src\Illuminate\Foundation\Http\Middleware\VerifyCsrfToken.php(78): Illuminate\Pipeline\Pipeline->Illuminate\Pipeline\{closure}(Object(Illuminate\Http\Request))
#40 C:\xampp\htdocs\rey-pos\vendor\laravel\framework\src\Illuminate\Pipeline\Pipeline.php(180): Illuminate\Foundation\Http\Middleware\VerifyCsrfToken->handle(Object(Illuminate\Http\Request), Object(Closure))
#41 C:\xampp\htdocs\rey-pos\vendor\laravel\framework\src\Illuminate\View\Middleware\ShareErrorsFromSession.php(49): Illuminate\Pipeline\Pipeline->Illuminate\Pipeline\{closure}(Object(Illuminate\Http\Request))
#42 C:\xampp\htdocs\rey-pos\vendor\laravel\framework\src\Illuminate\Pipeline\Pipeline.php(180): Illuminate\View\Middleware\ShareErrorsFromSession->handle(Object(Illuminate\Http\Request), Object(Closure))
#43 C:\xampp\htdocs\rey-pos\vendor\laravel\framework\src\Illuminate\Session\Middleware\StartSession.php(121): Illuminate\Pipeline\Pipeline->Illuminate\Pipeline\{closure}(Object(Illuminate\Http\Request))
#44 C:\xampp\htdocs\rey-pos\vendor\laravel\framework\src\Illuminate\Session\Middleware\StartSession.php(64): Illuminate\Session\Middleware\StartSession->handleStatefulRequest(Object(Illuminate\Http\Request), Object(Illuminate\Session\Store), Object(Closure))
#45 C:\xampp\htdocs\rey-pos\vendor\laravel\framework\src\Illuminate\Pipeline\Pipeline.php(180): Illuminate\Session\Middleware\StartSession->handle(Object(Illuminate\Http\Request), Object(Closure))
#46 C:\xampp\htdocs\rey-pos\vendor\laravel\framework\src\Illuminate\Cookie\Middleware\AddQueuedCookiesToResponse.php(37): Illuminate\Pipeline\Pipeline->Illuminate\Pipeline\{closure}(Object(Illuminate\Http\Request))
#47 C:\xampp\htdocs\rey-pos\vendor\laravel\framework\src\Illuminate\Pipeline\Pipeline.php(180): Illuminate\Cookie\Middleware\AddQueuedCookiesToResponse->handle(Object(Illuminate\Http\Request), Object(Closure))
#48 C:\xampp\htdocs\rey-pos\vendor\laravel\framework\src\Illuminate\Cookie\Middleware\EncryptCookies.php(67): Illuminate\Pipeline\Pipeline->Illuminate\Pipeline\{closure}(Object(Illuminate\Http\Request))
#49 C:\xampp\htdocs\rey-pos\vendor\laravel\framework\src\Illuminate\Pipeline\Pipeline.php(180): Illuminate\Cookie\Middleware\EncryptCookies->handle(Object(Illuminate\Http\Request), Object(Closure))
#50 C:\xampp\htdocs\rey-pos\vendor\laravel\framework\src\Illuminate\Pipeline\Pipeline.php(116): Illuminate\Pipeline\Pipeline->Illuminate\Pipeline\{closure}(Object(Illuminate\Http\Request))
#51 C:\xampp\htdocs\rey-pos\vendor\laravel\framework\src\Illuminate\Routing\Router.php(797): Illuminate\Pipeline\Pipeline->then(Object(Closure))
#52 C:\xampp\htdocs\rey-pos\vendor\laravel\framework\src\Illuminate\Routing\Router.php(776): Illuminate\Routing\Router->runRouteWithinStack(Object(Illuminate\Routing\Route), Object(Illuminate\Http\Request))
#53 C:\xampp\htdocs\rey-pos\vendor\laravel\framework\src\Illuminate\Routing\Router.php(740): Illuminate\Routing\Router->runRoute(Object(Illuminate\Http\Request), Object(Illuminate\Routing\Route))
#54 C:\xampp\htdocs\rey-pos\vendor\laravel\framework\src\Illuminate\Routing\Router.php(729): Illuminate\Routing\Router->dispatchToRoute(Object(Illuminate\Http\Request))
#55 C:\xampp\htdocs\rey-pos\vendor\laravel\framework\src\Illuminate\Foundation\Http\Kernel.php(190): Illuminate\Routing\Router->dispatch(Object(Illuminate\Http\Request))
#56 C:\xampp\htdocs\rey-pos\vendor\laravel\framework\src\Illuminate\Pipeline\Pipeline.php(141): Illuminate\Foundation\Http\Kernel->Illuminate\Foundation\Http\{closure}(Object(Illuminate\Http\Request))
#57 C:\xampp\htdocs\rey-pos\vendor\barryvdh\laravel-debugbar\src\Middleware\InjectDebugbar.php(59): Illuminate\Pipeline\Pipeline->Illuminate\Pipeline\{closure}(Object(Illuminate\Http\Request))
#58 C:\xampp\htdocs\rey-pos\vendor\laravel\framework\src\Illuminate\Pipeline\Pipeline.php(180): Barryvdh\Debugbar\Middleware\InjectDebugbar->handle(Object(Illuminate\Http\Request), Object(Closure))
#59 C:\xampp\htdocs\rey-pos\vendor\laravel\framework\src\Illuminate\Foundation\Http\Middleware\TransformsRequest.php(21): Illuminate\Pipeline\Pipeline->Illuminate\Pipeline\{closure}(Object(Illuminate\Http\Request))
#60 C:\xampp\htdocs\rey-pos\vendor\laravel\framework\src\Illuminate\Foundation\Http\Middleware\ConvertEmptyStringsToNull.php(31): Illuminate\Foundation\Http\Middleware\TransformsRequest->handle(Object(Illuminate\Http\Request), Object(Closure))
#61 C:\xampp\htdocs\rey-pos\vendor\laravel\framework\src\Illuminate\Pipeline\Pipeline.php(180): Illuminate\Foundation\Http\Middleware\ConvertEmptyStringsToNull->handle(Object(Illuminate\Http\Request), Object(Closure))
#62 C:\xampp\htdocs\rey-pos\vendor\laravel\framework\src\Illuminate\Foundation\Http\Middleware\TransformsRequest.php(21): Illuminate\Pipeline\Pipeline->Illuminate\Pipeline\{closure}(Object(Illuminate\Http\Request))
#63 C:\xampp\htdocs\rey-pos\vendor\laravel\framework\src\Illuminate\Foundation\Http\Middleware\TrimStrings.php(40): Illuminate\Foundation\Http\Middleware\TransformsRequest->handle(Object(Illuminate\Http\Request), Object(Closure))
#64 C:\xampp\htdocs\rey-pos\vendor\laravel\framework\src\Illuminate\Pipeline\Pipeline.php(180): Illuminate\Foundation\Http\Middleware\TrimStrings->handle(Object(Illuminate\Http\Request), Object(Closure))
#65 C:\xampp\htdocs\rey-pos\vendor\laravel\framework\src\Illuminate\Foundation\Http\Middleware\ValidatePostSize.php(27): Illuminate\Pipeline\Pipeline->Illuminate\Pipeline\{closure}(Object(Illuminate\Http\Request))
#66 C:\xampp\htdocs\rey-pos\vendor\laravel\framework\src\Illuminate\Pipeline\Pipeline.php(180): Illuminate\Foundation\Http\Middleware\ValidatePostSize->handle(Object(Illuminate\Http\Request), Object(Closure))
#67 C:\xampp\htdocs\rey-pos\vendor\laravel\framework\src\Illuminate\Foundation\Http\Middleware\PreventRequestsDuringMaintenance.php(86): Illuminate\Pipeline\Pipeline->Illuminate\Pipeline\{closure}(Object(Illuminate\Http\Request))
#68 C:\xampp\htdocs\rey-pos\vendor\laravel\framework\src\Illuminate\Pipeline\Pipeline.php(180): Illuminate\Foundation\Http\Middleware\PreventRequestsDuringMaintenance->handle(Object(Illuminate\Http\Request), Object(Closure))
#69 C:\xampp\htdocs\rey-pos\vendor\laravel\framework\src\Illuminate\Http\Middleware\HandleCors.php(49): Illuminate\Pipeline\Pipeline->Illuminate\Pipeline\{closure}(Object(Illuminate\Http\Request))
#70 C:\xampp\htdocs\rey-pos\vendor\laravel\framework\src\Illuminate\Pipeline\Pipeline.php(180): Illuminate\Http\Middleware\HandleCors->handle(Object(Illuminate\Http\Request), Object(Closure))
#71 C:\xampp\htdocs\rey-pos\vendor\laravel\framework\src\Illuminate\Http\Middleware\TrustProxies.php(39): Illuminate\Pipeline\Pipeline->Illuminate\Pipeline\{closure}(Object(Illuminate\Http\Request))
#72 C:\xampp\htdocs\rey-pos\vendor\laravel\framework\src\Illuminate\Pipeline\Pipeline.php(180): Illuminate\Http\Middleware\TrustProxies->handle(Object(Illuminate\Http\Request), Object(Closure))
#73 C:\xampp\htdocs\rey-pos\vendor\laravel\framework\src\Illuminate\Pipeline\Pipeline.php(116): Illuminate\Pipeline\Pipeline->Illuminate\Pipeline\{closure}(Object(Illuminate\Http\Request))
#74 C:\xampp\htdocs\rey-pos\vendor\laravel\framework\src\Illuminate\Foundation\Http\Kernel.php(165): Illuminate\Pipeline\Pipeline->then(Object(Closure))
#75 C:\xampp\htdocs\rey-pos\vendor\laravel\framework\src\Illuminate\Foundation\Http\Kernel.php(134): Illuminate\Foundation\Http\Kernel->sendRequestThroughRouter(Object(Illuminate\Http\Request))
#76 C:\xampp\htdocs\rey-pos\public\index.php(51): Illuminate\Foundation\Http\Kernel->handle(Object(Illuminate\Http\Request))
#77 {main}  
[2024-01-24 00:30:12] local.ERROR: ErrorException: Undefined array key 1 in C:\xampp\htdocs\rey-pos\vendor\milantarami\nepali-calendar\src\CalendarFunction.php:31
Stack trace:
#0 C:\xampp\htdocs\rey-pos\vendor\laravel\framework\src\Illuminate\Foundation\Bootstrap\HandleExceptions.php(270): Illuminate\Foundation\Bootstrap\HandleExceptions->handleError(2, 'Undefined array...', 'C:\\xampp\\htdocs...', 31)
#1 C:\xampp\htdocs\rey-pos\vendor\milantarami\nepali-calendar\src\CalendarFunction.php(31): Illuminate\Foundation\Bootstrap\HandleExceptions->Illuminate\Foundation\Bootstrap\{closure}(2, 'Undefined array...', 'C:\\xampp\\htdocs...', 31)
#2 C:\xampp\htdocs\rey-pos\vendor\milantarami\nepali-calendar\src\CalendarFunction.php(233): MilanTarami\NepaliCalendar\CalendarFunction::getDateInArray('23/01/2024', 'YYYY-MM-DD', '-')
#3 C:\xampp\htdocs\rey-pos\vendor\milantarami\nepali-calendar\src\NepaliCalendar.php(189): MilanTarami\NepaliCalendar\CalendarFunction::adToBs('23/01/2024', 'YYYY-MM-DD', '-')
#4 C:\xampp\htdocs\rey-pos\vendor\laravel\framework\src\Illuminate\Support\Facades\Facade.php(338): MilanTarami\NepaliCalendar\NepaliCalendar->AD2BS('23/01/2024', Array)
#5 C:\xampp\htdocs\rey-pos\app\Http\Controllers\ReportController.php(3154): Illuminate\Support\Facades\Facade::__callStatic('AD2BS', Array)
#6 C:\xampp\htdocs\rey-pos\vendor\laravel\framework\src\Illuminate\Container\BoundMethod.php(36): App\Http\Controllers\ReportController->App\Http\Controllers\{closure}(Object(App\TransactionSellLine))
#7 C:\xampp\htdocs\rey-pos\vendor\laravel\framework\src\Illuminate\Container\Util.php(41): Illuminate\Container\BoundMethod::Illuminate\Container\{closure}()
#8 C:\xampp\htdocs\rey-pos\vendor\laravel\framework\src\Illuminate\Container\BoundMethod.php(81): Illuminate\Container\Util::unwrapIfClosure(Object(Closure))
#9 C:\xampp\htdocs\rey-pos\vendor\laravel\framework\src\Illuminate\Container\BoundMethod.php(35): Illuminate\Container\BoundMethod::callBoundMethod(Object(Illuminate\Foundation\Application), Object(Closure), Object(Closure))
#10 C:\xampp\htdocs\rey-pos\vendor\laravel\framework\src\Illuminate\Container\Container.php(661): Illuminate\Container\BoundMethod::call(Object(Illuminate\Foundation\Application), Object(Closure), Array, NULL)
#11 C:\xampp\htdocs\rey-pos\vendor\yajra\laravel-datatables-oracle\src\Utilities\Helper.php(71): Illuminate\Container\Container->call(Object(Closure), Array)
#12 C:\xampp\htdocs\rey-pos\vendor\yajra\laravel-datatables-oracle\src\Processors\DataProcessor.php(156): Yajra\DataTables\Utilities\Helper::compileContent(Object(Closure), Array, Object(App\TransactionSellLine))
#13 C:\xampp\htdocs\rey-pos\vendor\yajra\laravel-datatables-oracle\src\Processors\DataProcessor.php(107): Yajra\DataTables\Processors\DataProcessor->editColumns(Array, Object(App\TransactionSellLine))
#14 C:\xampp\htdocs\rey-pos\vendor\yajra\laravel-datatables-oracle\src\DataTableAbstract.php(806): Yajra\DataTables\Processors\DataProcessor->process(true)
#15 C:\xampp\htdocs\rey-pos\vendor\yajra\laravel-datatables-oracle\src\QueryDataTable.php(102): Yajra\DataTables\DataTableAbstract->processResults(Object(Illuminate\Database\Eloquent\Collection), true)
#16 C:\xampp\htdocs\rey-pos\app\Http\Controllers\ReportController.php(3188): Yajra\DataTables\QueryDataTable->make(true)
#17 C:\xampp\htdocs\rey-pos\vendor\laravel\framework\src\Illuminate\Routing\Controller.php(54): App\Http\Controllers\ReportController->getProfit('date')
#18 C:\xampp\htdocs\rey-pos\vendor\laravel\framework\src\Illuminate\Routing\ControllerDispatcher.php(43): Illuminate\Routing\Controller->callAction('getProfit', Array)
#19 C:\xampp\htdocs\rey-pos\vendor\laravel\framework\src\Illuminate\Routing\Route.php(259): Illuminate\Routing\ControllerDispatcher->dispatch(Object(Illuminate\Routing\Route), Object(App\Http\Controllers\ReportController), 'getProfit')
#20 C:\xampp\htdocs\rey-pos\vendor\laravel\framework\src\Illuminate\Routing\Route.php(205): Illuminate\Routing\Route->runController()
#21 C:\xampp\htdocs\rey-pos\vendor\laravel\framework\src\Illuminate\Routing\Router.php(798): Illuminate\Routing\Route->run()
#22 C:\xampp\htdocs\rey-pos\vendor\laravel\framework\src\Illuminate\Pipeline\Pipeline.php(141): Illuminate\Routing\Router->Illuminate\Routing\{closure}(Object(Illuminate\Http\Request))
#23 C:\xampp\htdocs\rey-pos\app\Http\Middleware\CheckUserLogin.php(22): Illuminate\Pipeline\Pipeline->Illuminate\Pipeline\{closure}(Object(Illuminate\Http\Request))
#24 C:\xampp\htdocs\rey-pos\vendor\laravel\framework\src\Illuminate\Pipeline\Pipeline.php(180): App\Http\Middleware\CheckUserLogin->handle(Object(Illuminate\Http\Request), Object(Closure))
#25 C:\xampp\htdocs\rey-pos\app\Http\Middleware\AdminSidebarMenu.php(21): Illuminate\Pipeline\Pipeline->Illuminate\Pipeline\{closure}(Object(Illuminate\Http\Request))
#26 C:\xampp\htdocs\rey-pos\vendor\laravel\framework\src\Illuminate\Pipeline\Pipeline.php(180): App\Http\Middleware\AdminSidebarMenu->handle(Object(Illuminate\Http\Request), Object(Closure))
#27 C:\xampp\htdocs\rey-pos\app\Http\Middleware\Timezone.php(30): Illuminate\Pipeline\Pipeline->Illuminate\Pipeline\{closure}(Object(Illuminate\Http\Request))
#28 C:\xampp\htdocs\rey-pos\vendor\laravel\framework\src\Illuminate\Pipeline\Pipeline.php(180): App\Http\Middleware\Timezone->handle(Object(Illuminate\Http\Request), Object(Closure))
#29 C:\xampp\htdocs\rey-pos\app\Http\Middleware\Language.php(25): Illuminate\Pipeline\Pipeline->Illuminate\Pipeline\{closure}(Object(Illuminate\Http\Request))
#30 C:\xampp\htdocs\rey-pos\vendor\laravel\framework\src\Illuminate\Pipeline\Pipeline.php(180): App\Http\Middleware\Language->handle(Object(Illuminate\Http\Request), Object(Closure))
#31 C:\xampp\htdocs\rey-pos\app\Http\Middleware\SetSessionData.php(52): Illuminate\Pipeline\Pipeline->Illuminate\Pipeline\{closure}(Object(Illuminate\Http\Request))
#32 C:\xampp\htdocs\rey-pos\vendor\laravel\framework\src\Illuminate\Pipeline\Pipeline.php(180): App\Http\Middleware\SetSessionData->handle(Object(Illuminate\Http\Request), Object(Closure))
#33 C:\xampp\htdocs\rey-pos\app\Http\Middleware\IsInstalled.php(50): Illuminate\Pipeline\Pipeline->Illuminate\Pipeline\{closure}(Object(Illuminate\Http\Request))
#34 C:\xampp\htdocs\rey-pos\vendor\laravel\framework\src\Illuminate\Pipeline\Pipeline.php(180): App\Http\Middleware\IsInstalled->handle(Object(Illuminate\Http\Request), Object(Closure))
#35 C:\xampp\htdocs\rey-pos\vendor\laravel\framework\src\Illuminate\Routing\Middleware\SubstituteBindings.php(50): Illuminate\Pipeline\Pipeline->Illuminate\Pipeline\{closure}(Object(Illuminate\Http\Request))
#36 C:\xampp\htdocs\rey-pos\vendor\laravel\framework\src\Illuminate\Pipeline\Pipeline.php(180): Illuminate\Routing\Middleware\SubstituteBindings->handle(Object(Illuminate\Http\Request), Object(Closure))
#37 C:\xampp\htdocs\rey-pos\vendor\laravel\framework\src\Illuminate\Auth\Middleware\Authenticate.php(44): Illuminate\Pipeline\Pipeline->Illuminate\Pipeline\{closure}(Object(Illuminate\Http\Request))
#38 C:\xampp\htdocs\rey-pos\vendor\laravel\framework\src\Illuminate\Pipeline\Pipeline.php(180): Illuminate\Auth\Middleware\Authenticate->handle(Object(Illuminate\Http\Request), Object(Closure))
#39 C:\xampp\htdocs\rey-pos\vendor\laravel\framework\src\Illuminate\Foundation\Http\Middleware\VerifyCsrfToken.php(78): Illuminate\Pipeline\Pipeline->Illuminate\Pipeline\{closure}(Object(Illuminate\Http\Request))
#40 C:\xampp\htdocs\rey-pos\vendor\laravel\framework\src\Illuminate\Pipeline\Pipeline.php(180): Illuminate\Foundation\Http\Middleware\VerifyCsrfToken->handle(Object(Illuminate\Http\Request), Object(Closure))
#41 C:\xampp\htdocs\rey-pos\vendor\laravel\framework\src\Illuminate\View\Middleware\ShareErrorsFromSession.php(49): Illuminate\Pipeline\Pipeline->Illuminate\Pipeline\{closure}(Object(Illuminate\Http\Request))
#42 C:\xampp\htdocs\rey-pos\vendor\laravel\framework\src\Illuminate\Pipeline\Pipeline.php(180): Illuminate\View\Middleware\ShareErrorsFromSession->handle(Object(Illuminate\Http\Request), Object(Closure))
#43 C:\xampp\htdocs\rey-pos\vendor\laravel\framework\src\Illuminate\Session\Middleware\StartSession.php(121): Illuminate\Pipeline\Pipeline->Illuminate\Pipeline\{closure}(Object(Illuminate\Http\Request))
#44 C:\xampp\htdocs\rey-pos\vendor\laravel\framework\src\Illuminate\Session\Middleware\StartSession.php(64): Illuminate\Session\Middleware\StartSession->handleStatefulRequest(Object(Illuminate\Http\Request), Object(Illuminate\Session\Store), Object(Closure))
#45 C:\xampp\htdocs\rey-pos\vendor\laravel\framework\src\Illuminate\Pipeline\Pipeline.php(180): Illuminate\Session\Middleware\StartSession->handle(Object(Illuminate\Http\Request), Object(Closure))
#46 C:\xampp\htdocs\rey-pos\vendor\laravel\framework\src\Illuminate\Cookie\Middleware\AddQueuedCookiesToResponse.php(37): Illuminate\Pipeline\Pipeline->Illuminate\Pipeline\{closure}(Object(Illuminate\Http\Request))
#47 C:\xampp\htdocs\rey-pos\vendor\laravel\framework\src\Illuminate\Pipeline\Pipeline.php(180): Illuminate\Cookie\Middleware\AddQueuedCookiesToResponse->handle(Object(Illuminate\Http\Request), Object(Closure))
#48 C:\xampp\htdocs\rey-pos\vendor\laravel\framework\src\Illuminate\Cookie\Middleware\EncryptCookies.php(67): Illuminate\Pipeline\Pipeline->Illuminate\Pipeline\{closure}(Object(Illuminate\Http\Request))
#49 C:\xampp\htdocs\rey-pos\vendor\laravel\framework\src\Illuminate\Pipeline\Pipeline.php(180): Illuminate\Cookie\Middleware\EncryptCookies->handle(Object(Illuminate\Http\Request), Object(Closure))
#50 C:\xampp\htdocs\rey-pos\vendor\laravel\framework\src\Illuminate\Pipeline\Pipeline.php(116): Illuminate\Pipeline\Pipeline->Illuminate\Pipeline\{closure}(Object(Illuminate\Http\Request))
#51 C:\xampp\htdocs\rey-pos\vendor\laravel\framework\src\Illuminate\Routing\Router.php(797): Illuminate\Pipeline\Pipeline->then(Object(Closure))
#52 C:\xampp\htdocs\rey-pos\vendor\laravel\framework\src\Illuminate\Routing\Router.php(776): Illuminate\Routing\Router->runRouteWithinStack(Object(Illuminate\Routing\Route), Object(Illuminate\Http\Request))
#53 C:\xampp\htdocs\rey-pos\vendor\laravel\framework\src\Illuminate\Routing\Router.php(740): Illuminate\Routing\Router->runRoute(Object(Illuminate\Http\Request), Object(Illuminate\Routing\Route))
#54 C:\xampp\htdocs\rey-pos\vendor\laravel\framework\src\Illuminate\Routing\Router.php(729): Illuminate\Routing\Router->dispatchToRoute(Object(Illuminate\Http\Request))
#55 C:\xampp\htdocs\rey-pos\vendor\laravel\framework\src\Illuminate\Foundation\Http\Kernel.php(190): Illuminate\Routing\Router->dispatch(Object(Illuminate\Http\Request))
#56 C:\xampp\htdocs\rey-pos\vendor\laravel\framework\src\Illuminate\Pipeline\Pipeline.php(141): Illuminate\Foundation\Http\Kernel->Illuminate\Foundation\Http\{closure}(Object(Illuminate\Http\Request))
#57 C:\xampp\htdocs\rey-pos\vendor\barryvdh\laravel-debugbar\src\Middleware\InjectDebugbar.php(59): Illuminate\Pipeline\Pipeline->Illuminate\Pipeline\{closure}(Object(Illuminate\Http\Request))
#58 C:\xampp\htdocs\rey-pos\vendor\laravel\framework\src\Illuminate\Pipeline\Pipeline.php(180): Barryvdh\Debugbar\Middleware\InjectDebugbar->handle(Object(Illuminate\Http\Request), Object(Closure))
#59 C:\xampp\htdocs\rey-pos\vendor\laravel\framework\src\Illuminate\Foundation\Http\Middleware\TransformsRequest.php(21): Illuminate\Pipeline\Pipeline->Illuminate\Pipeline\{closure}(Object(Illuminate\Http\Request))
#60 C:\xampp\htdocs\rey-pos\vendor\laravel\framework\src\Illuminate\Foundation\Http\Middleware\ConvertEmptyStringsToNull.php(31): Illuminate\Foundation\Http\Middleware\TransformsRequest->handle(Object(Illuminate\Http\Request), Object(Closure))
#61 C:\xampp\htdocs\rey-pos\vendor\laravel\framework\src\Illuminate\Pipeline\Pipeline.php(180): Illuminate\Foundation\Http\Middleware\ConvertEmptyStringsToNull->handle(Object(Illuminate\Http\Request), Object(Closure))
#62 C:\xampp\htdocs\rey-pos\vendor\laravel\framework\src\Illuminate\Foundation\Http\Middleware\TransformsRequest.php(21): Illuminate\Pipeline\Pipeline->Illuminate\Pipeline\{closure}(Object(Illuminate\Http\Request))
#63 C:\xampp\htdocs\rey-pos\vendor\laravel\framework\src\Illuminate\Foundation\Http\Middleware\TrimStrings.php(40): Illuminate\Foundation\Http\Middleware\TransformsRequest->handle(Object(Illuminate\Http\Request), Object(Closure))
#64 C:\xampp\htdocs\rey-pos\vendor\laravel\framework\src\Illuminate\Pipeline\Pipeline.php(180): Illuminate\Foundation\Http\Middleware\TrimStrings->handle(Object(Illuminate\Http\Request), Object(Closure))
#65 C:\xampp\htdocs\rey-pos\vendor\laravel\framework\src\Illuminate\Foundation\Http\Middleware\ValidatePostSize.php(27): Illuminate\Pipeline\Pipeline->Illuminate\Pipeline\{closure}(Object(Illuminate\Http\Request))
#66 C:\xampp\htdocs\rey-pos\vendor\laravel\framework\src\Illuminate\Pipeline\Pipeline.php(180): Illuminate\Foundation\Http\Middleware\ValidatePostSize->handle(Object(Illuminate\Http\Request), Object(Closure))
#67 C:\xampp\htdocs\rey-pos\vendor\laravel\framework\src\Illuminate\Foundation\Http\Middleware\PreventRequestsDuringMaintenance.php(86): Illuminate\Pipeline\Pipeline->Illuminate\Pipeline\{closure}(Object(Illuminate\Http\Request))
#68 C:\xampp\htdocs\rey-pos\vendor\laravel\framework\src\Illuminate\Pipeline\Pipeline.php(180): Illuminate\Foundation\Http\Middleware\PreventRequestsDuringMaintenance->handle(Object(Illuminate\Http\Request), Object(Closure))
#69 C:\xampp\htdocs\rey-pos\vendor\laravel\framework\src\Illuminate\Http\Middleware\HandleCors.php(49): Illuminate\Pipeline\Pipeline->Illuminate\Pipeline\{closure}(Object(Illuminate\Http\Request))
#70 C:\xampp\htdocs\rey-pos\vendor\laravel\framework\src\Illuminate\Pipeline\Pipeline.php(180): Illuminate\Http\Middleware\HandleCors->handle(Object(Illuminate\Http\Request), Object(Closure))
#71 C:\xampp\htdocs\rey-pos\vendor\laravel\framework\src\Illuminate\Http\Middleware\TrustProxies.php(39): Illuminate\Pipeline\Pipeline->Illuminate\Pipeline\{closure}(Object(Illuminate\Http\Request))
#72 C:\xampp\htdocs\rey-pos\vendor\laravel\framework\src\Illuminate\Pipeline\Pipeline.php(180): Illuminate\Http\Middleware\TrustProxies->handle(Object(Illuminate\Http\Request), Object(Closure))
#73 C:\xampp\htdocs\rey-pos\vendor\laravel\framework\src\Illuminate\Pipeline\Pipeline.php(116): Illuminate\Pipeline\Pipeline->Illuminate\Pipeline\{closure}(Object(Illuminate\Http\Request))
#74 C:\xampp\htdocs\rey-pos\vendor\laravel\framework\src\Illuminate\Foundation\Http\Kernel.php(165): Illuminate\Pipeline\Pipeline->then(Object(Closure))
#75 C:\xampp\htdocs\rey-pos\vendor\laravel\framework\src\Illuminate\Foundation\Http\Kernel.php(134): Illuminate\Foundation\Http\Kernel->sendRequestThroughRouter(Object(Illuminate\Http\Request))
#76 C:\xampp\htdocs\rey-pos\public\index.php(51): Illuminate\Foundation\Http\Kernel->handle(Object(Illuminate\Http\Request))
#77 {main}  
[2024-01-24 00:30:48] local.ERROR: MilanTarami\NepaliCalendar\Exceptions\NepaliCalendarException: Supported only between 1944-2042 in C:\xampp\htdocs\rey-pos\vendor\milantarami\nepali-calendar\src\CalendarFunction.php:186
Stack trace:
#0 C:\xampp\htdocs\rey-pos\vendor\milantarami\nepali-calendar\src\CalendarFunction.php(235): MilanTarami\NepaliCalendar\CalendarFunction::isAdDateInRange(23, 1, 2024)
#1 C:\xampp\htdocs\rey-pos\vendor\milantarami\nepali-calendar\src\NepaliCalendar.php(189): MilanTarami\NepaliCalendar\CalendarFunction::adToBs('23-01-2024', 'YYYY-MM-DD', '-')
#2 C:\xampp\htdocs\rey-pos\vendor\laravel\framework\src\Illuminate\Support\Facades\Facade.php(338): MilanTarami\NepaliCalendar\NepaliCalendar->AD2BS('23-01-2024', Array)
#3 C:\xampp\htdocs\rey-pos\app\Http\Controllers\ReportController.php(3154): Illuminate\Support\Facades\Facade::__callStatic('AD2BS', Array)
#4 C:\xampp\htdocs\rey-pos\vendor\laravel\framework\src\Illuminate\Container\BoundMethod.php(36): App\Http\Controllers\ReportController->App\Http\Controllers\{closure}(Object(App\TransactionSellLine))
#5 C:\xampp\htdocs\rey-pos\vendor\laravel\framework\src\Illuminate\Container\Util.php(41): Illuminate\Container\BoundMethod::Illuminate\Container\{closure}()
#6 C:\xampp\htdocs\rey-pos\vendor\laravel\framework\src\Illuminate\Container\BoundMethod.php(81): Illuminate\Container\Util::unwrapIfClosure(Object(Closure))
#7 C:\xampp\htdocs\rey-pos\vendor\laravel\framework\src\Illuminate\Container\BoundMethod.php(35): Illuminate\Container\BoundMethod::callBoundMethod(Object(Illuminate\Foundation\Application), Object(Closure), Object(Closure))
#8 C:\xampp\htdocs\rey-pos\vendor\laravel\framework\src\Illuminate\Container\Container.php(661): Illuminate\Container\BoundMethod::call(Object(Illuminate\Foundation\Application), Object(Closure), Array, NULL)
#9 C:\xampp\htdocs\rey-pos\vendor\yajra\laravel-datatables-oracle\src\Utilities\Helper.php(71): Illuminate\Container\Container->call(Object(Closure), Array)
#10 C:\xampp\htdocs\rey-pos\vendor\yajra\laravel-datatables-oracle\src\Processors\DataProcessor.php(156): Yajra\DataTables\Utilities\Helper::compileContent(Object(Closure), Array, Object(App\TransactionSellLine))
#11 C:\xampp\htdocs\rey-pos\vendor\yajra\laravel-datatables-oracle\src\Processors\DataProcessor.php(107): Yajra\DataTables\Processors\DataProcessor->editColumns(Array, Object(App\TransactionSellLine))
#12 C:\xampp\htdocs\rey-pos\vendor\yajra\laravel-datatables-oracle\src\DataTableAbstract.php(806): Yajra\DataTables\Processors\DataProcessor->process(true)
#13 C:\xampp\htdocs\rey-pos\vendor\yajra\laravel-datatables-oracle\src\QueryDataTable.php(102): Yajra\DataTables\DataTableAbstract->processResults(Object(Illuminate\Database\Eloquent\Collection), true)
#14 C:\xampp\htdocs\rey-pos\app\Http\Controllers\ReportController.php(3188): Yajra\DataTables\QueryDataTable->make(true)
#15 C:\xampp\htdocs\rey-pos\vendor\laravel\framework\src\Illuminate\Routing\Controller.php(54): App\Http\Controllers\ReportController->getProfit('date')
#16 C:\xampp\htdocs\rey-pos\vendor\laravel\framework\src\Illuminate\Routing\ControllerDispatcher.php(43): Illuminate\Routing\Controller->callAction('getProfit', Array)
#17 C:\xampp\htdocs\rey-pos\vendor\laravel\framework\src\Illuminate\Routing\Route.php(259): Illuminate\Routing\ControllerDispatcher->dispatch(Object(Illuminate\Routing\Route), Object(App\Http\Controllers\ReportController), 'getProfit')
#18 C:\xampp\htdocs\rey-pos\vendor\laravel\framework\src\Illuminate\Routing\Route.php(205): Illuminate\Routing\Route->runController()
#19 C:\xampp\htdocs\rey-pos\vendor\laravel\framework\src\Illuminate\Routing\Router.php(798): Illuminate\Routing\Route->run()
#20 C:\xampp\htdocs\rey-pos\vendor\laravel\framework\src\Illuminate\Pipeline\Pipeline.php(141): Illuminate\Routing\Router->Illuminate\Routing\{closure}(Object(Illuminate\Http\Request))
#21 C:\xampp\htdocs\rey-pos\app\Http\Middleware\CheckUserLogin.php(22): Illuminate\Pipeline\Pipeline->Illuminate\Pipeline\{closure}(Object(Illuminate\Http\Request))
#22 C:\xampp\htdocs\rey-pos\vendor\laravel\framework\src\Illuminate\Pipeline\Pipeline.php(180): App\Http\Middleware\CheckUserLogin->handle(Object(Illuminate\Http\Request), Object(Closure))
#23 C:\xampp\htdocs\rey-pos\app\Http\Middleware\AdminSidebarMenu.php(21): Illuminate\Pipeline\Pipeline->Illuminate\Pipeline\{closure}(Object(Illuminate\Http\Request))
#24 C:\xampp\htdocs\rey-pos\vendor\laravel\framework\src\Illuminate\Pipeline\Pipeline.php(180): App\Http\Middleware\AdminSidebarMenu->handle(Object(Illuminate\Http\Request), Object(Closure))
#25 C:\xampp\htdocs\rey-pos\app\Http\Middleware\Timezone.php(30): Illuminate\Pipeline\Pipeline->Illuminate\Pipeline\{closure}(Object(Illuminate\Http\Request))
#26 C:\xampp\htdocs\rey-pos\vendor\laravel\framework\src\Illuminate\Pipeline\Pipeline.php(180): App\Http\Middleware\Timezone->handle(Object(Illuminate\Http\Request), Object(Closure))
#27 C:\xampp\htdocs\rey-pos\app\Http\Middleware\Language.php(25): Illuminate\Pipeline\Pipeline->Illuminate\Pipeline\{closure}(Object(Illuminate\Http\Request))
#28 C:\xampp\htdocs\rey-pos\vendor\laravel\framework\src\Illuminate\Pipeline\Pipeline.php(180): App\Http\Middleware\Language->handle(Object(Illuminate\Http\Request), Object(Closure))
#29 C:\xampp\htdocs\rey-pos\app\Http\Middleware\SetSessionData.php(52): Illuminate\Pipeline\Pipeline->Illuminate\Pipeline\{closure}(Object(Illuminate\Http\Request))
#30 C:\xampp\htdocs\rey-pos\vendor\laravel\framework\src\Illuminate\Pipeline\Pipeline.php(180): App\Http\Middleware\SetSessionData->handle(Object(Illuminate\Http\Request), Object(Closure))
#31 C:\xampp\htdocs\rey-pos\app\Http\Middleware\IsInstalled.php(50): Illuminate\Pipeline\Pipeline->Illuminate\Pipeline\{closure}(Object(Illuminate\Http\Request))
#32 C:\xampp\htdocs\rey-pos\vendor\laravel\framework\src\Illuminate\Pipeline\Pipeline.php(180): App\Http\Middleware\IsInstalled->handle(Object(Illuminate\Http\Request), Object(Closure))
#33 C:\xampp\htdocs\rey-pos\vendor\laravel\framework\src\Illuminate\Routing\Middleware\SubstituteBindings.php(50): Illuminate\Pipeline\Pipeline->Illuminate\Pipeline\{closure}(Object(Illuminate\Http\Request))
#34 C:\xampp\htdocs\rey-pos\vendor\laravel\framework\src\Illuminate\Pipeline\Pipeline.php(180): Illuminate\Routing\Middleware\SubstituteBindings->handle(Object(Illuminate\Http\Request), Object(Closure))
#35 C:\xampp\htdocs\rey-pos\vendor\laravel\framework\src\Illuminate\Auth\Middleware\Authenticate.php(44): Illuminate\Pipeline\Pipeline->Illuminate\Pipeline\{closure}(Object(Illuminate\Http\Request))
#36 C:\xampp\htdocs\rey-pos\vendor\laravel\framework\src\Illuminate\Pipeline\Pipeline.php(180): Illuminate\Auth\Middleware\Authenticate->handle(Object(Illuminate\Http\Request), Object(Closure))
#37 C:\xampp\htdocs\rey-pos\vendor\laravel\framework\src\Illuminate\Foundation\Http\Middleware\VerifyCsrfToken.php(78): Illuminate\Pipeline\Pipeline->Illuminate\Pipeline\{closure}(Object(Illuminate\Http\Request))
#38 C:\xampp\htdocs\rey-pos\vendor\laravel\framework\src\Illuminate\Pipeline\Pipeline.php(180): Illuminate\Foundation\Http\Middleware\VerifyCsrfToken->handle(Object(Illuminate\Http\Request), Object(Closure))
#39 C:\xampp\htdocs\rey-pos\vendor\laravel\framework\src\Illuminate\View\Middleware\ShareErrorsFromSession.php(49): Illuminate\Pipeline\Pipeline->Illuminate\Pipeline\{closure}(Object(Illuminate\Http\Request))
#40 C:\xampp\htdocs\rey-pos\vendor\laravel\framework\src\Illuminate\Pipeline\Pipeline.php(180): Illuminate\View\Middleware\ShareErrorsFromSession->handle(Object(Illuminate\Http\Request), Object(Closure))
#41 C:\xampp\htdocs\rey-pos\vendor\laravel\framework\src\Illuminate\Session\Middleware\StartSession.php(121): Illuminate\Pipeline\Pipeline->Illuminate\Pipeline\{closure}(Object(Illuminate\Http\Request))
#42 C:\xampp\htdocs\rey-pos\vendor\laravel\framework\src\Illuminate\Session\Middleware\StartSession.php(64): Illuminate\Session\Middleware\StartSession->handleStatefulRequest(Object(Illuminate\Http\Request), Object(Illuminate\Session\Store), Object(Closure))
#43 C:\xampp\htdocs\rey-pos\vendor\laravel\framework\src\Illuminate\Pipeline\Pipeline.php(180): Illuminate\Session\Middleware\StartSession->handle(Object(Illuminate\Http\Request), Object(Closure))
#44 C:\xampp\htdocs\rey-pos\vendor\laravel\framework\src\Illuminate\Cookie\Middleware\AddQueuedCookiesToResponse.php(37): Illuminate\Pipeline\Pipeline->Illuminate\Pipeline\{closure}(Object(Illuminate\Http\Request))
#45 C:\xampp\htdocs\rey-pos\vendor\laravel\framework\src\Illuminate\Pipeline\Pipeline.php(180): Illuminate\Cookie\Middleware\AddQueuedCookiesToResponse->handle(Object(Illuminate\Http\Request), Object(Closure))
#46 C:\xampp\htdocs\rey-pos\vendor\laravel\framework\src\Illuminate\Cookie\Middleware\EncryptCookies.php(67): Illuminate\Pipeline\Pipeline->Illuminate\Pipeline\{closure}(Object(Illuminate\Http\Request))
#47 C:\xampp\htdocs\rey-pos\vendor\laravel\framework\src\Illuminate\Pipeline\Pipeline.php(180): Illuminate\Cookie\Middleware\EncryptCookies->handle(Object(Illuminate\Http\Request), Object(Closure))
#48 C:\xampp\htdocs\rey-pos\vendor\laravel\framework\src\Illuminate\Pipeline\Pipeline.php(116): Illuminate\Pipeline\Pipeline->Illuminate\Pipeline\{closure}(Object(Illuminate\Http\Request))
#49 C:\xampp\htdocs\rey-pos\vendor\laravel\framework\src\Illuminate\Routing\Router.php(797): Illuminate\Pipeline\Pipeline->then(Object(Closure))
#50 C:\xampp\htdocs\rey-pos\vendor\laravel\framework\src\Illuminate\Routing\Router.php(776): Illuminate\Routing\Router->runRouteWithinStack(Object(Illuminate\Routing\Route), Object(Illuminate\Http\Request))
#51 C:\xampp\htdocs\rey-pos\vendor\laravel\framework\src\Illuminate\Routing\Router.php(740): Illuminate\Routing\Router->runRoute(Object(Illuminate\Http\Request), Object(Illuminate\Routing\Route))
#52 C:\xampp\htdocs\rey-pos\vendor\laravel\framework\src\Illuminate\Routing\Router.php(729): Illuminate\Routing\Router->dispatchToRoute(Object(Illuminate\Http\Request))
#53 C:\xampp\htdocs\rey-pos\vendor\laravel\framework\src\Illuminate\Foundation\Http\Kernel.php(190): Illuminate\Routing\Router->dispatch(Object(Illuminate\Http\Request))
#54 C:\xampp\htdocs\rey-pos\vendor\laravel\framework\src\Illuminate\Pipeline\Pipeline.php(141): Illuminate\Foundation\Http\Kernel->Illuminate\Foundation\Http\{closure}(Object(Illuminate\Http\Request))
#55 C:\xampp\htdocs\rey-pos\vendor\barryvdh\laravel-debugbar\src\Middleware\InjectDebugbar.php(59): Illuminate\Pipeline\Pipeline->Illuminate\Pipeline\{closure}(Object(Illuminate\Http\Request))
#56 C:\xampp\htdocs\rey-pos\vendor\laravel\framework\src\Illuminate\Pipeline\Pipeline.php(180): Barryvdh\Debugbar\Middleware\InjectDebugbar->handle(Object(Illuminate\Http\Request), Object(Closure))
#57 C:\xampp\htdocs\rey-pos\vendor\laravel\framework\src\Illuminate\Foundation\Http\Middleware\TransformsRequest.php(21): Illuminate\Pipeline\Pipeline->Illuminate\Pipeline\{closure}(Object(Illuminate\Http\Request))
#58 C:\xampp\htdocs\rey-pos\vendor\laravel\framework\src\Illuminate\Foundation\Http\Middleware\ConvertEmptyStringsToNull.php(31): Illuminate\Foundation\Http\Middleware\TransformsRequest->handle(Object(Illuminate\Http\Request), Object(Closure))
#59 C:\xampp\htdocs\rey-pos\vendor\laravel\framework\src\Illuminate\Pipeline\Pipeline.php(180): Illuminate\Foundation\Http\Middleware\ConvertEmptyStringsToNull->handle(Object(Illuminate\Http\Request), Object(Closure))
#60 C:\xampp\htdocs\rey-pos\vendor\laravel\framework\src\Illuminate\Foundation\Http\Middleware\TransformsRequest.php(21): Illuminate\Pipeline\Pipeline->Illuminate\Pipeline\{closure}(Object(Illuminate\Http\Request))
#61 C:\xampp\htdocs\rey-pos\vendor\laravel\framework\src\Illuminate\Foundation\Http\Middleware\TrimStrings.php(40): Illuminate\Foundation\Http\Middleware\TransformsRequest->handle(Object(Illuminate\Http\Request), Object(Closure))
#62 C:\xampp\htdocs\rey-pos\vendor\laravel\framework\src\Illuminate\Pipeline\Pipeline.php(180): Illuminate\Foundation\Http\Middleware\TrimStrings->handle(Object(Illuminate\Http\Request), Object(Closure))
#63 C:\xampp\htdocs\rey-pos\vendor\laravel\framework\src\Illuminate\Foundation\Http\Middleware\ValidatePostSize.php(27): Illuminate\Pipeline\Pipeline->Illuminate\Pipeline\{closure}(Object(Illuminate\Http\Request))
#64 C:\xampp\htdocs\rey-pos\vendor\laravel\framework\src\Illuminate\Pipeline\Pipeline.php(180): Illuminate\Foundation\Http\Middleware\ValidatePostSize->handle(Object(Illuminate\Http\Request), Object(Closure))
#65 C:\xampp\htdocs\rey-pos\vendor\laravel\framework\src\Illuminate\Foundation\Http\Middleware\PreventRequestsDuringMaintenance.php(86): Illuminate\Pipeline\Pipeline->Illuminate\Pipeline\{closure}(Object(Illuminate\Http\Request))
#66 C:\xampp\htdocs\rey-pos\vendor\laravel\framework\src\Illuminate\Pipeline\Pipeline.php(180): Illuminate\Foundation\Http\Middleware\PreventRequestsDuringMaintenance->handle(Object(Illuminate\Http\Request), Object(Closure))
#67 C:\xampp\htdocs\rey-pos\vendor\laravel\framework\src\Illuminate\Http\Middleware\HandleCors.php(49): Illuminate\Pipeline\Pipeline->Illuminate\Pipeline\{closure}(Object(Illuminate\Http\Request))
#68 C:\xampp\htdocs\rey-pos\vendor\laravel\framework\src\Illuminate\Pipeline\Pipeline.php(180): Illuminate\Http\Middleware\HandleCors->handle(Object(Illuminate\Http\Request), Object(Closure))
#69 C:\xampp\htdocs\rey-pos\vendor\laravel\framework\src\Illuminate\Http\Middleware\TrustProxies.php(39): Illuminate\Pipeline\Pipeline->Illuminate\Pipeline\{closure}(Object(Illuminate\Http\Request))
#70 C:\xampp\htdocs\rey-pos\vendor\laravel\framework\src\Illuminate\Pipeline\Pipeline.php(180): Illuminate\Http\Middleware\TrustProxies->handle(Object(Illuminate\Http\Request), Object(Closure))
#71 C:\xampp\htdocs\rey-pos\vendor\laravel\framework\src\Illuminate\Pipeline\Pipeline.php(116): Illuminate\Pipeline\Pipeline->Illuminate\Pipeline\{closure}(Object(Illuminate\Http\Request))
#72 C:\xampp\htdocs\rey-pos\vendor\laravel\framework\src\Illuminate\Foundation\Http\Kernel.php(165): Illuminate\Pipeline\Pipeline->then(Object(Closure))
#73 C:\xampp\htdocs\rey-pos\vendor\laravel\framework\src\Illuminate\Foundation\Http\Kernel.php(134): Illuminate\Foundation\Http\Kernel->sendRequestThroughRouter(Object(Illuminate\Http\Request))
#74 C:\xampp\htdocs\rey-pos\public\index.php(51): Illuminate\Foundation\Http\Kernel->handle(Object(Illuminate\Http\Request))
#75 {main}  
[2024-01-24 00:31:19] local.ERROR: MilanTarami\NepaliCalendar\Exceptions\NepaliCalendarException: Supported only between 1944-2042 in C:\xampp\htdocs\rey-pos\vendor\milantarami\nepali-calendar\src\CalendarFunction.php:186
Stack trace:
#0 C:\xampp\htdocs\rey-pos\vendor\milantarami\nepali-calendar\src\CalendarFunction.php(235): MilanTarami\NepaliCalendar\CalendarFunction::isAdDateInRange(1, 23, 2024)
#1 C:\xampp\htdocs\rey-pos\vendor\milantarami\nepali-calendar\src\NepaliCalendar.php(189): MilanTarami\NepaliCalendar\CalendarFunction::adToBs('01-23-2024', 'YYYY-MM-DD', '-')
#2 C:\xampp\htdocs\rey-pos\vendor\laravel\framework\src\Illuminate\Support\Facades\Facade.php(338): MilanTarami\NepaliCalendar\NepaliCalendar->AD2BS('01-23-2024', Array)
#3 C:\xampp\htdocs\rey-pos\app\Http\Controllers\ReportController.php(3154): Illuminate\Support\Facades\Facade::__callStatic('AD2BS', Array)
#4 C:\xampp\htdocs\rey-pos\vendor\laravel\framework\src\Illuminate\Container\BoundMethod.php(36): App\Http\Controllers\ReportController->App\Http\Controllers\{closure}(Object(App\TransactionSellLine))
#5 C:\xampp\htdocs\rey-pos\vendor\laravel\framework\src\Illuminate\Container\Util.php(41): Illuminate\Container\BoundMethod::Illuminate\Container\{closure}()
#6 C:\xampp\htdocs\rey-pos\vendor\laravel\framework\src\Illuminate\Container\BoundMethod.php(81): Illuminate\Container\Util::unwrapIfClosure(Object(Closure))
#7 C:\xampp\htdocs\rey-pos\vendor\laravel\framework\src\Illuminate\Container\BoundMethod.php(35): Illuminate\Container\BoundMethod::callBoundMethod(Object(Illuminate\Foundation\Application), Object(Closure), Object(Closure))
#8 C:\xampp\htdocs\rey-pos\vendor\laravel\framework\src\Illuminate\Container\Container.php(661): Illuminate\Container\BoundMethod::call(Object(Illuminate\Foundation\Application), Object(Closure), Array, NULL)
#9 C:\xampp\htdocs\rey-pos\vendor\yajra\laravel-datatables-oracle\src\Utilities\Helper.php(71): Illuminate\Container\Container->call(Object(Closure), Array)
#10 C:\xampp\htdocs\rey-pos\vendor\yajra\laravel-datatables-oracle\src\Processors\DataProcessor.php(156): Yajra\DataTables\Utilities\Helper::compileContent(Object(Closure), Array, Object(App\TransactionSellLine))
#11 C:\xampp\htdocs\rey-pos\vendor\yajra\laravel-datatables-oracle\src\Processors\DataProcessor.php(107): Yajra\DataTables\Processors\DataProcessor->editColumns(Array, Object(App\TransactionSellLine))
#12 C:\xampp\htdocs\rey-pos\vendor\yajra\laravel-datatables-oracle\src\DataTableAbstract.php(806): Yajra\DataTables\Processors\DataProcessor->process(true)
#13 C:\xampp\htdocs\rey-pos\vendor\yajra\laravel-datatables-oracle\src\QueryDataTable.php(102): Yajra\DataTables\DataTableAbstract->processResults(Object(Illuminate\Database\Eloquent\Collection), true)
#14 C:\xampp\htdocs\rey-pos\app\Http\Controllers\ReportController.php(3188): Yajra\DataTables\QueryDataTable->make(true)
#15 C:\xampp\htdocs\rey-pos\vendor\laravel\framework\src\Illuminate\Routing\Controller.php(54): App\Http\Controllers\ReportController->getProfit('date')
#16 C:\xampp\htdocs\rey-pos\vendor\laravel\framework\src\Illuminate\Routing\ControllerDispatcher.php(43): Illuminate\Routing\Controller->callAction('getProfit', Array)
#17 C:\xampp\htdocs\rey-pos\vendor\laravel\framework\src\Illuminate\Routing\Route.php(259): Illuminate\Routing\ControllerDispatcher->dispatch(Object(Illuminate\Routing\Route), Object(App\Http\Controllers\ReportController), 'getProfit')
#18 C:\xampp\htdocs\rey-pos\vendor\laravel\framework\src\Illuminate\Routing\Route.php(205): Illuminate\Routing\Route->runController()
#19 C:\xampp\htdocs\rey-pos\vendor\laravel\framework\src\Illuminate\Routing\Router.php(798): Illuminate\Routing\Route->run()
#20 C:\xampp\htdocs\rey-pos\vendor\laravel\framework\src\Illuminate\Pipeline\Pipeline.php(141): Illuminate\Routing\Router->Illuminate\Routing\{closure}(Object(Illuminate\Http\Request))
#21 C:\xampp\htdocs\rey-pos\app\Http\Middleware\CheckUserLogin.php(22): Illuminate\Pipeline\Pipeline->Illuminate\Pipeline\{closure}(Object(Illuminate\Http\Request))
#22 C:\xampp\htdocs\rey-pos\vendor\laravel\framework\src\Illuminate\Pipeline\Pipeline.php(180): App\Http\Middleware\CheckUserLogin->handle(Object(Illuminate\Http\Request), Object(Closure))
#23 C:\xampp\htdocs\rey-pos\app\Http\Middleware\AdminSidebarMenu.php(21): Illuminate\Pipeline\Pipeline->Illuminate\Pipeline\{closure}(Object(Illuminate\Http\Request))
#24 C:\xampp\htdocs\rey-pos\vendor\laravel\framework\src\Illuminate\Pipeline\Pipeline.php(180): App\Http\Middleware\AdminSidebarMenu->handle(Object(Illuminate\Http\Request), Object(Closure))
#25 C:\xampp\htdocs\rey-pos\app\Http\Middleware\Timezone.php(30): Illuminate\Pipeline\Pipeline->Illuminate\Pipeline\{closure}(Object(Illuminate\Http\Request))
#26 C:\xampp\htdocs\rey-pos\vendor\laravel\framework\src\Illuminate\Pipeline\Pipeline.php(180): App\Http\Middleware\Timezone->handle(Object(Illuminate\Http\Request), Object(Closure))
#27 C:\xampp\htdocs\rey-pos\app\Http\Middleware\Language.php(25): Illuminate\Pipeline\Pipeline->Illuminate\Pipeline\{closure}(Object(Illuminate\Http\Request))
#28 C:\xampp\htdocs\rey-pos\vendor\laravel\framework\src\Illuminate\Pipeline\Pipeline.php(180): App\Http\Middleware\Language->handle(Object(Illuminate\Http\Request), Object(Closure))
#29 C:\xampp\htdocs\rey-pos\app\Http\Middleware\SetSessionData.php(52): Illuminate\Pipeline\Pipeline->Illuminate\Pipeline\{closure}(Object(Illuminate\Http\Request))
#30 C:\xampp\htdocs\rey-pos\vendor\laravel\framework\src\Illuminate\Pipeline\Pipeline.php(180): App\Http\Middleware\SetSessionData->handle(Object(Illuminate\Http\Request), Object(Closure))
#31 C:\xampp\htdocs\rey-pos\app\Http\Middleware\IsInstalled.php(50): Illuminate\Pipeline\Pipeline->Illuminate\Pipeline\{closure}(Object(Illuminate\Http\Request))
#32 C:\xampp\htdocs\rey-pos\vendor\laravel\framework\src\Illuminate\Pipeline\Pipeline.php(180): App\Http\Middleware\IsInstalled->handle(Object(Illuminate\Http\Request), Object(Closure))
#33 C:\xampp\htdocs\rey-pos\vendor\laravel\framework\src\Illuminate\Routing\Middleware\SubstituteBindings.php(50): Illuminate\Pipeline\Pipeline->Illuminate\Pipeline\{closure}(Object(Illuminate\Http\Request))
#34 C:\xampp\htdocs\rey-pos\vendor\laravel\framework\src\Illuminate\Pipeline\Pipeline.php(180): Illuminate\Routing\Middleware\SubstituteBindings->handle(Object(Illuminate\Http\Request), Object(Closure))
#35 C:\xampp\htdocs\rey-pos\vendor\laravel\framework\src\Illuminate\Auth\Middleware\Authenticate.php(44): Illuminate\Pipeline\Pipeline->Illuminate\Pipeline\{closure}(Object(Illuminate\Http\Request))
#36 C:\xampp\htdocs\rey-pos\vendor\laravel\framework\src\Illuminate\Pipeline\Pipeline.php(180): Illuminate\Auth\Middleware\Authenticate->handle(Object(Illuminate\Http\Request), Object(Closure))
#37 C:\xampp\htdocs\rey-pos\vendor\laravel\framework\src\Illuminate\Foundation\Http\Middleware\VerifyCsrfToken.php(78): Illuminate\Pipeline\Pipeline->Illuminate\Pipeline\{closure}(Object(Illuminate\Http\Request))
#38 C:\xampp\htdocs\rey-pos\vendor\laravel\framework\src\Illuminate\Pipeline\Pipeline.php(180): Illuminate\Foundation\Http\Middleware\VerifyCsrfToken->handle(Object(Illuminate\Http\Request), Object(Closure))
#39 C:\xampp\htdocs\rey-pos\vendor\laravel\framework\src\Illuminate\View\Middleware\ShareErrorsFromSession.php(49): Illuminate\Pipeline\Pipeline->Illuminate\Pipeline\{closure}(Object(Illuminate\Http\Request))
#40 C:\xampp\htdocs\rey-pos\vendor\laravel\framework\src\Illuminate\Pipeline\Pipeline.php(180): Illuminate\View\Middleware\ShareErrorsFromSession->handle(Object(Illuminate\Http\Request), Object(Closure))
#41 C:\xampp\htdocs\rey-pos\vendor\laravel\framework\src\Illuminate\Session\Middleware\StartSession.php(121): Illuminate\Pipeline\Pipeline->Illuminate\Pipeline\{closure}(Object(Illuminate\Http\Request))
#42 C:\xampp\htdocs\rey-pos\vendor\laravel\framework\src\Illuminate\Session\Middleware\StartSession.php(64): Illuminate\Session\Middleware\StartSession->handleStatefulRequest(Object(Illuminate\Http\Request), Object(Illuminate\Session\Store), Object(Closure))
#43 C:\xampp\htdocs\rey-pos\vendor\laravel\framework\src\Illuminate\Pipeline\Pipeline.php(180): Illuminate\Session\Middleware\StartSession->handle(Object(Illuminate\Http\Request), Object(Closure))
#44 C:\xampp\htdocs\rey-pos\vendor\laravel\framework\src\Illuminate\Cookie\Middleware\AddQueuedCookiesToResponse.php(37): Illuminate\Pipeline\Pipeline->Illuminate\Pipeline\{closure}(Object(Illuminate\Http\Request))
#45 C:\xampp\htdocs\rey-pos\vendor\laravel\framework\src\Illuminate\Pipeline\Pipeline.php(180): Illuminate\Cookie\Middleware\AddQueuedCookiesToResponse->handle(Object(Illuminate\Http\Request), Object(Closure))
#46 C:\xampp\htdocs\rey-pos\vendor\laravel\framework\src\Illuminate\Cookie\Middleware\EncryptCookies.php(67): Illuminate\Pipeline\Pipeline->Illuminate\Pipeline\{closure}(Object(Illuminate\Http\Request))
#47 C:\xampp\htdocs\rey-pos\vendor\laravel\framework\src\Illuminate\Pipeline\Pipeline.php(180): Illuminate\Cookie\Middleware\EncryptCookies->handle(Object(Illuminate\Http\Request), Object(Closure))
#48 C:\xampp\htdocs\rey-pos\vendor\laravel\framework\src\Illuminate\Pipeline\Pipeline.php(116): Illuminate\Pipeline\Pipeline->Illuminate\Pipeline\{closure}(Object(Illuminate\Http\Request))
#49 C:\xampp\htdocs\rey-pos\vendor\laravel\framework\src\Illuminate\Routing\Router.php(797): Illuminate\Pipeline\Pipeline->then(Object(Closure))
#50 C:\xampp\htdocs\rey-pos\vendor\laravel\framework\src\Illuminate\Routing\Router.php(776): Illuminate\Routing\Router->runRouteWithinStack(Object(Illuminate\Routing\Route), Object(Illuminate\Http\Request))
#51 C:\xampp\htdocs\rey-pos\vendor\laravel\framework\src\Illuminate\Routing\Router.php(740): Illuminate\Routing\Router->runRoute(Object(Illuminate\Http\Request), Object(Illuminate\Routing\Route))
#52 C:\xampp\htdocs\rey-pos\vendor\laravel\framework\src\Illuminate\Routing\Router.php(729): Illuminate\Routing\Router->dispatchToRoute(Object(Illuminate\Http\Request))
#53 C:\xampp\htdocs\rey-pos\vendor\laravel\framework\src\Illuminate\Foundation\Http\Kernel.php(190): Illuminate\Routing\Router->dispatch(Object(Illuminate\Http\Request))
#54 C:\xampp\htdocs\rey-pos\vendor\laravel\framework\src\Illuminate\Pipeline\Pipeline.php(141): Illuminate\Foundation\Http\Kernel->Illuminate\Foundation\Http\{closure}(Object(Illuminate\Http\Request))
#55 C:\xampp\htdocs\rey-pos\vendor\barryvdh\laravel-debugbar\src\Middleware\InjectDebugbar.php(59): Illuminate\Pipeline\Pipeline->Illuminate\Pipeline\{closure}(Object(Illuminate\Http\Request))
#56 C:\xampp\htdocs\rey-pos\vendor\laravel\framework\src\Illuminate\Pipeline\Pipeline.php(180): Barryvdh\Debugbar\Middleware\InjectDebugbar->handle(Object(Illuminate\Http\Request), Object(Closure))
#57 C:\xampp\htdocs\rey-pos\vendor\laravel\framework\src\Illuminate\Foundation\Http\Middleware\TransformsRequest.php(21): Illuminate\Pipeline\Pipeline->Illuminate\Pipeline\{closure}(Object(Illuminate\Http\Request))
#58 C:\xampp\htdocs\rey-pos\vendor\laravel\framework\src\Illuminate\Foundation\Http\Middleware\ConvertEmptyStringsToNull.php(31): Illuminate\Foundation\Http\Middleware\TransformsRequest->handle(Object(Illuminate\Http\Request), Object(Closure))
#59 C:\xampp\htdocs\rey-pos\vendor\laravel\framework\src\Illuminate\Pipeline\Pipeline.php(180): Illuminate\Foundation\Http\Middleware\ConvertEmptyStringsToNull->handle(Object(Illuminate\Http\Request), Object(Closure))
#60 C:\xampp\htdocs\rey-pos\vendor\laravel\framework\src\Illuminate\Foundation\Http\Middleware\TransformsRequest.php(21): Illuminate\Pipeline\Pipeline->Illuminate\Pipeline\{closure}(Object(Illuminate\Http\Request))
#61 C:\xampp\htdocs\rey-pos\vendor\laravel\framework\src\Illuminate\Foundation\Http\Middleware\TrimStrings.php(40): Illuminate\Foundation\Http\Middleware\TransformsRequest->handle(Object(Illuminate\Http\Request), Object(Closure))
#62 C:\xampp\htdocs\rey-pos\vendor\laravel\framework\src\Illuminate\Pipeline\Pipeline.php(180): Illuminate\Foundation\Http\Middleware\TrimStrings->handle(Object(Illuminate\Http\Request), Object(Closure))
#63 C:\xampp\htdocs\rey-pos\vendor\laravel\framework\src\Illuminate\Foundation\Http\Middleware\ValidatePostSize.php(27): Illuminate\Pipeline\Pipeline->Illuminate\Pipeline\{closure}(Object(Illuminate\Http\Request))
#64 C:\xampp\htdocs\rey-pos\vendor\laravel\framework\src\Illuminate\Pipeline\Pipeline.php(180): Illuminate\Foundation\Http\Middleware\ValidatePostSize->handle(Object(Illuminate\Http\Request), Object(Closure))
#65 C:\xampp\htdocs\rey-pos\vendor\laravel\framework\src\Illuminate\Foundation\Http\Middleware\PreventRequestsDuringMaintenance.php(86): Illuminate\Pipeline\Pipeline->Illuminate\Pipeline\{closure}(Object(Illuminate\Http\Request))
#66 C:\xampp\htdocs\rey-pos\vendor\laravel\framework\src\Illuminate\Pipeline\Pipeline.php(180): Illuminate\Foundation\Http\Middleware\PreventRequestsDuringMaintenance->handle(Object(Illuminate\Http\Request), Object(Closure))
#67 C:\xampp\htdocs\rey-pos\vendor\laravel\framework\src\Illuminate\Http\Middleware\HandleCors.php(49): Illuminate\Pipeline\Pipeline->Illuminate\Pipeline\{closure}(Object(Illuminate\Http\Request))
#68 C:\xampp\htdocs\rey-pos\vendor\laravel\framework\src\Illuminate\Pipeline\Pipeline.php(180): Illuminate\Http\Middleware\HandleCors->handle(Object(Illuminate\Http\Request), Object(Closure))
#69 C:\xampp\htdocs\rey-pos\vendor\laravel\framework\src\Illuminate\Http\Middleware\TrustProxies.php(39): Illuminate\Pipeline\Pipeline->Illuminate\Pipeline\{closure}(Object(Illuminate\Http\Request))
#70 C:\xampp\htdocs\rey-pos\vendor\laravel\framework\src\Illuminate\Pipeline\Pipeline.php(180): Illuminate\Http\Middleware\TrustProxies->handle(Object(Illuminate\Http\Request), Object(Closure))
#71 C:\xampp\htdocs\rey-pos\vendor\laravel\framework\src\Illuminate\Pipeline\Pipeline.php(116): Illuminate\Pipeline\Pipeline->Illuminate\Pipeline\{closure}(Object(Illuminate\Http\Request))
#72 C:\xampp\htdocs\rey-pos\vendor\laravel\framework\src\Illuminate\Foundation\Http\Kernel.php(165): Illuminate\Pipeline\Pipeline->then(Object(Closure))
#73 C:\xampp\htdocs\rey-pos\vendor\laravel\framework\src\Illuminate\Foundation\Http\Kernel.php(134): Illuminate\Foundation\Http\Kernel->sendRequestThroughRouter(Object(Illuminate\Http\Request))
#74 C:\xampp\htdocs\rey-pos\public\index.php(51): Illuminate\Foundation\Http\Kernel->handle(Object(Illuminate\Http\Request))
#75 {main}  
